  [1m[35m (366.7ms)[0m  [1m[35mCREATE DATABASE "URLShortener_development" ENCODING = 'unicode'[0m
  ↳ bin/rails:9
  [1m[35m (104.9ms)[0m  [1m[35mCREATE DATABASE "URLShortener_test" ENCODING = 'unicode'[0m
  ↳ bin/rails:9
  [1m[35m (24.4ms)[0m  [1m[35mCREATE TABLE "schema_migrations" ("version" character varying NOT NULL PRIMARY KEY)[0m
  ↳ bin/rails:9
  [1m[35m (3.4ms)[0m  [1m[35mCREATE TABLE "ar_internal_metadata" ("key" character varying NOT NULL PRIMARY KEY, "value" character varying, "created_at" timestamp NOT NULL, "updated_at" timestamp NOT NULL)[0m
  ↳ bin/rails:9
  [1m[35m (0.2ms)[0m  [1m[34mSELECT pg_try_advisory_lock(4762635147840476445)[0m
  ↳ bin/rails:9
  [1m[35m (0.9ms)[0m  [1m[34mSELECT "schema_migrations"."version" FROM "schema_migrations" ORDER BY "schema_migrations"."version" ASC[0m
  ↳ bin/rails:9
Migrating to CreateUsers (20210106181835)
  [1m[35m (0.2ms)[0m  [1m[35mBEGIN[0m
  ↳ bin/rails:9
  [1m[35m (1.6ms)[0m  [1m[35mCREATE UNIQUE INDEX  "index_users_on_email" ON "users"  ("email")[0m
  ↳ db/migrate/20210106181835_create_users.rb:7
  [1m[35m (0.1ms)[0m  [1m[31mROLLBACK[0m
  ↳ bin/rails:9
  [1m[35m (0.3ms)[0m  [1m[34mSELECT pg_advisory_unlock(4762635147840476445)[0m
  ↳ bin/rails:9
  [1m[35m (0.2ms)[0m  [1m[34mSELECT pg_try_advisory_lock(4762635147840476445)[0m
  ↳ bin/rails:9
  [1m[35m (0.8ms)[0m  [1m[34mSELECT "schema_migrations"."version" FROM "schema_migrations" ORDER BY "schema_migrations"."version" ASC[0m
  ↳ bin/rails:9
Migrating to CreateUsers (20210106181835)
  [1m[35m (0.1ms)[0m  [1m[35mBEGIN[0m
  ↳ bin/rails:9
  [1m[35m (14.8ms)[0m  [1m[35mCREATE TABLE "users" ("id" bigserial primary key, "email" character varying, "created_at" timestamp NOT NULL, "updated_at" timestamp NOT NULL)[0m
  ↳ db/migrate/20210106181835_create_users.rb:3
  [1m[35m (1.2ms)[0m  [1m[35mCREATE UNIQUE INDEX  "index_users_on_email" ON "users"  ("email")[0m
  ↳ db/migrate/20210106181835_create_users.rb:8
  [1m[36mActiveRecord::SchemaMigration Create (0.6ms)[0m  [1m[32mINSERT INTO "schema_migrations" ("version") VALUES ($1) RETURNING "version"[0m  [["version", "20210106181835"]]
  ↳ bin/rails:9
  [1m[35m (0.7ms)[0m  [1m[35mCOMMIT[0m
  ↳ bin/rails:9
  [1m[36mActiveRecord::InternalMetadata Load (0.4ms)[0m  [1m[34mSELECT  "ar_internal_metadata".* FROM "ar_internal_metadata" WHERE "ar_internal_metadata"."key" = $1 LIMIT $2[0m  [["key", "environment"], ["LIMIT", 1]]
  ↳ bin/rails:9
  [1m[35m (0.1ms)[0m  [1m[35mBEGIN[0m
  ↳ bin/rails:9
  [1m[36mActiveRecord::InternalMetadata Create (0.5ms)[0m  [1m[32mINSERT INTO "ar_internal_metadata" ("key", "value", "created_at", "updated_at") VALUES ($1, $2, $3, $4) RETURNING "key"[0m  [["key", "environment"], ["value", "development"], ["created_at", "2021-01-06 18:40:31.287415"], ["updated_at", "2021-01-06 18:40:31.287415"]]
  ↳ bin/rails:9
  [1m[35m (0.3ms)[0m  [1m[35mCOMMIT[0m
  ↳ bin/rails:9
  [1m[35m (0.2ms)[0m  [1m[34mSELECT pg_advisory_unlock(4762635147840476445)[0m
  ↳ bin/rails:9
  [1m[35m (0.2ms)[0m  [1m[34mSELECT "schema_migrations"."version" FROM "schema_migrations" ORDER BY "schema_migrations"."version" ASC[0m
  ↳ bin/rails:9
  [1m[35m (0.2ms)[0m  [1m[35mBEGIN[0m
  [1m[36mUser Exists (1.8ms)[0m  [1m[34mSELECT  1 AS one FROM "users" WHERE "users"."email" IS NULL LIMIT $1[0m  [["LIMIT", 1]]
  [1m[35m (5.8ms)[0m  [1m[31mROLLBACK[0m
  [1m[35m (0.2ms)[0m  [1m[35mBEGIN[0m
  [1m[36mUser Exists (1.4ms)[0m  [1m[34mSELECT  1 AS one FROM "users" WHERE "users"."email" = $1 LIMIT $2[0m  [["email", "sa@gmail.com"], ["LIMIT", 1]]
  [1m[36mUser Create (1.1ms)[0m  [1m[32mINSERT INTO "users" ("email", "created_at", "updated_at") VALUES ($1, $2, $3) RETURNING "id"[0m  [["email", "sa@gmail.com"], ["created_at", "2021-01-06 19:06:37.178522"], ["updated_at", "2021-01-06 19:06:37.178522"]]
  [1m[35m (1.4ms)[0m  [1m[35mCOMMIT[0m
  [1m[35m (0.2ms)[0m  [1m[34mSELECT pg_try_advisory_lock(4762635147840476445)[0m
  ↳ bin/rails:9
  [1m[35m (0.8ms)[0m  [1m[34mSELECT "schema_migrations"."version" FROM "schema_migrations" ORDER BY "schema_migrations"."version" ASC[0m
  ↳ bin/rails:9
Migrating to CreateShortenedUrl (20210106200718)
  [1m[35m (0.1ms)[0m  [1m[35mBEGIN[0m
  ↳ bin/rails:9
  [1m[35m (7.6ms)[0m  [1m[35mCREATE TABLE "shortened_urls" ("id" bigserial primary key, "long_url" character varying, "short_url" character varying, "user_id" integer, "created_at" timestamp NOT NULL, "updated_at" timestamp NOT NULL)[0m
  ↳ db/migrate/20210106200718_create_shortened_url.rb:3
  [1m[35m (2.5ms)[0m  [1m[35mCREATE UNIQUE INDEX  "index_shortened_urls_on_short_url" ON "shortened_urls"  ("short_url")[0m
  ↳ db/migrate/20210106200718_create_shortened_url.rb:10
  [1m[36mActiveRecord::SchemaMigration Create (0.6ms)[0m  [1m[32mINSERT INTO "schema_migrations" ("version") VALUES ($1) RETURNING "version"[0m  [["version", "20210106200718"]]
  ↳ bin/rails:9
  [1m[35m (1.1ms)[0m  [1m[35mCOMMIT[0m
  ↳ bin/rails:9
  [1m[36mActiveRecord::InternalMetadata Load (0.4ms)[0m  [1m[34mSELECT  "ar_internal_metadata".* FROM "ar_internal_metadata" WHERE "ar_internal_metadata"."key" = $1 LIMIT $2[0m  [["key", "environment"], ["LIMIT", 1]]
  ↳ bin/rails:9
  [1m[35m (0.1ms)[0m  [1m[35mBEGIN[0m
  ↳ bin/rails:9
  [1m[35m (0.1ms)[0m  [1m[35mCOMMIT[0m
  ↳ bin/rails:9
  [1m[35m (0.2ms)[0m  [1m[34mSELECT pg_advisory_unlock(4762635147840476445)[0m
  ↳ bin/rails:9
  [1m[35m (0.2ms)[0m  [1m[34mSELECT "schema_migrations"."version" FROM "schema_migrations" ORDER BY "schema_migrations"."version" ASC[0m
  ↳ bin/rails:9
  [1m[35m (0.2ms)[0m  [1m[34mSELECT pg_try_advisory_lock(4762635147840476445)[0m
  ↳ bin/rails:9
  [1m[35m (0.9ms)[0m  [1m[34mSELECT "schema_migrations"."version" FROM "schema_migrations" ORDER BY "schema_migrations"."version" ASC[0m
  ↳ bin/rails:9
Migrating to AddIndexToShortenedUrls (20210106201255)
  [1m[35m (0.2ms)[0m  [1m[35mBEGIN[0m
  ↳ bin/rails:9
  [1m[35m (4.9ms)[0m  [1m[35mCREATE UNIQUE INDEX  "index_shortened_urls_on_user_id" ON "shortened_urls"  ("user_id")[0m
  ↳ db/migrate/20210106201255_add_index_to_shortened_urls.rb:3
  [1m[36mActiveRecord::SchemaMigration Create (0.4ms)[0m  [1m[32mINSERT INTO "schema_migrations" ("version") VALUES ($1) RETURNING "version"[0m  [["version", "20210106201255"]]
  ↳ bin/rails:9
  [1m[35m (1.0ms)[0m  [1m[35mCOMMIT[0m
  ↳ bin/rails:9
  [1m[36mActiveRecord::InternalMetadata Load (0.5ms)[0m  [1m[34mSELECT  "ar_internal_metadata".* FROM "ar_internal_metadata" WHERE "ar_internal_metadata"."key" = $1 LIMIT $2[0m  [["key", "environment"], ["LIMIT", 1]]
  ↳ bin/rails:9
  [1m[35m (0.1ms)[0m  [1m[35mBEGIN[0m
  ↳ bin/rails:9
  [1m[35m (0.1ms)[0m  [1m[35mCOMMIT[0m
  ↳ bin/rails:9
  [1m[35m (0.2ms)[0m  [1m[34mSELECT pg_advisory_unlock(4762635147840476445)[0m
  ↳ bin/rails:9
  [1m[35m (0.2ms)[0m  [1m[34mSELECT "schema_migrations"."version" FROM "schema_migrations" ORDER BY "schema_migrations"."version" ASC[0m
  ↳ bin/rails:9
  [1m[36mShortenedUrl Load (0.8ms)[0m  [1m[34mSELECT "shortened_urls".* FROM "shortened_urls"[0m
  [1m[36mUser Load (0.8ms)[0m  [1m[34mSELECT "users".* FROM "users"[0m
  [1m[36mShortenedUrl Load (8.1ms)[0m  [1m[34mSELECT "shortened_urls".* FROM "shortened_urls"[0m
  [1m[36mUser Load (0.6ms)[0m  [1m[34mSELECT  "users".* FROM "users" WHERE "users"."id" = $1 LIMIT $2[0m  [["id", 1], ["LIMIT", 1]]
  [1m[36mUser Load (0.5ms)[0m  [1m[34mSELECT  "users".* FROM "users" WHERE "users"."id" = $1 LIMIT $2[0m  [["id", 1], ["LIMIT", 1]]
  [1m[36mUser Load (0.5ms)[0m  [1m[34mSELECT  "users".* FROM "users" WHERE "users"."id" = $1 LIMIT $2[0m  [["id", 1], ["LIMIT", 1]]
  [1m[36mUser Load (1.2ms)[0m  [1m[34mSELECT  "users".* FROM "users" WHERE "users"."id" = $1 LIMIT $2[0m  [["id", 1], ["LIMIT", 1]]
  [1m[36mUser Load (0.4ms)[0m  [1m[34mSELECT  "users".* FROM "users" WHERE "users"."id" = $1 LIMIT $2[0m  [["id", 1], ["LIMIT", 1]]
  [1m[36mUser Load (0.5ms)[0m  [1m[34mSELECT  "users".* FROM "users" WHERE "users"."id" = $1 LIMIT $2[0m  [["id", 1], ["LIMIT", 1]]
  [1m[36mUser Load (0.1ms)[0m  [1m[34mSELECT  "users".* FROM "users" WHERE "users"."id" = $1 LIMIT $2[0m  [["id", 1], ["LIMIT", 1]]
  [1m[36mUser Load (1.7ms)[0m  [1m[34mSELECT  "users".* FROM "users" WHERE "users"."id" = $1 LIMIT $2[0m  [["id", 1], ["LIMIT", 1]]
  [1m[36mUser Load (1.1ms)[0m  [1m[34mSELECT  "users".* FROM "users" WHERE "users"."id" = $1 LIMIT $2[0m  [["id", 1], ["LIMIT", 1]]
  [1m[36mUser Load (0.1ms)[0m  [1m[34mSELECT  "users".* FROM "users" WHERE "users"."id" = $1 LIMIT $2[0m  [["id", 1], ["LIMIT", 1]]
  [1m[36mUser Load (2.3ms)[0m  [1m[34mSELECT  "users".* FROM "users" WHERE "users"."id" = $1 LIMIT $2[0m  [["id", 1], ["LIMIT", 1]]
  [1m[36mShortenedUrl Exists (0.8ms)[0m  [1m[34mSELECT  1 AS one FROM "shortened_urls" WHERE "shortened_urls"."short_url" = $1 LIMIT $2[0m  [["short_url", "qIz85LcoeH78E5EkZ_etrg"], ["LIMIT", 1]]
  [1m[35m (2.7ms)[0m  [1m[35mBEGIN[0m
  [1m[36mShortenedUrl Exists (0.4ms)[0m  [1m[34mSELECT  1 AS one FROM "shortened_urls" WHERE "shortened_urls"."short_url" = $1 LIMIT $2[0m  [["short_url", "qIz85LcoeH78E5EkZ_etrg"], ["LIMIT", 1]]
  [1m[36mUser Load (0.6ms)[0m  [1m[34mSELECT  "users".* FROM "users" WHERE "users"."id" = $1 LIMIT $2[0m  [["id", 1], ["LIMIT", 1]]
  [1m[36mShortenedUrl Create (2.1ms)[0m  [1m[32mINSERT INTO "shortened_urls" ("long_url", "short_url", "user_id", "created_at", "updated_at") VALUES ($1, $2, $3, $4, $5) RETURNING "id"[0m  [["long_url", "www.google.com"], ["short_url", "qIz85LcoeH78E5EkZ_etrg"], ["user_id", 1], ["created_at", "2021-01-06 21:12:36.745775"], ["updated_at", "2021-01-06 21:12:36.745775"]]
  [1m[35m (2.5ms)[0m  [1m[35mCOMMIT[0m
  [1m[35m (0.2ms)[0m  [1m[34mSELECT pg_try_advisory_lock(4762635147840476445)[0m
  ↳ bin/rails:9
  [1m[35m (1.1ms)[0m  [1m[34mSELECT "schema_migrations"."version" FROM "schema_migrations" ORDER BY "schema_migrations"."version" ASC[0m
  ↳ bin/rails:9
Migrating to CreateVisits (20210106223439)
  [1m[35m (0.3ms)[0m  [1m[34mSELECT pg_advisory_unlock(4762635147840476445)[0m
  ↳ bin/rails:9
  [1m[35m (10.4ms)[0m  [1m[34mSELECT pg_try_advisory_lock(4762635147840476445)[0m
  ↳ bin/rails:9
  [1m[35m (0.8ms)[0m  [1m[34mSELECT "schema_migrations"."version" FROM "schema_migrations" ORDER BY "schema_migrations"."version" ASC[0m
  ↳ bin/rails:9
Migrating to CreateVisits (20210106223439)
  [1m[35m (0.2ms)[0m  [1m[34mSELECT pg_advisory_unlock(4762635147840476445)[0m
  ↳ bin/rails:9
  [1m[35m (0.2ms)[0m  [1m[34mSELECT pg_try_advisory_lock(4762635147840476445)[0m
  ↳ bin/rails:9
  [1m[35m (0.8ms)[0m  [1m[34mSELECT "schema_migrations"."version" FROM "schema_migrations" ORDER BY "schema_migrations"."version" ASC[0m
  ↳ bin/rails:9
Migrating to CreateVisits (20210106223439)
  [1m[35m (0.2ms)[0m  [1m[34mSELECT pg_advisory_unlock(4762635147840476445)[0m
  ↳ bin/rails:9
  [1m[35m (0.2ms)[0m  [1m[34mSELECT pg_try_advisory_lock(4762635147840476445)[0m
  ↳ bin/rails:9
  [1m[35m (0.8ms)[0m  [1m[34mSELECT "schema_migrations"."version" FROM "schema_migrations" ORDER BY "schema_migrations"."version" ASC[0m
  ↳ bin/rails:9
Migrating to CreateVisits (20210106223439)
  [1m[35m (0.2ms)[0m  [1m[34mSELECT pg_advisory_unlock(4762635147840476445)[0m
  ↳ bin/rails:9
  [1m[35m (35.4ms)[0m  [1m[34mSELECT pg_try_advisory_lock(4762635147840476445)[0m
  ↳ bin/rails:9
  [1m[35m (0.9ms)[0m  [1m[34mSELECT "schema_migrations"."version" FROM "schema_migrations" ORDER BY "schema_migrations"."version" ASC[0m
  ↳ bin/rails:9
Migrating to CreateVisits (20210106223439)
  [1m[35m (0.2ms)[0m  [1m[34mSELECT pg_advisory_unlock(4762635147840476445)[0m
  ↳ bin/rails:9
  [1m[35m (0.2ms)[0m  [1m[34mSELECT pg_try_advisory_lock(4762635147840476445)[0m
  ↳ bin/rails:9
  [1m[35m (0.8ms)[0m  [1m[34mSELECT "schema_migrations"."version" FROM "schema_migrations" ORDER BY "schema_migrations"."version" ASC[0m
  ↳ bin/rails:9
Migrating to CreateVisits (20210106223439)
  [1m[35m (2.8ms)[0m  [1m[35mCREATE UNIQUE INDEX  "index_visits_on_short_url_id" ON "visits"  ("short_url_id")[0m
  ↳ db/migrate/20210106223439_create_visits.rb:11
  [1m[35m (1.0ms)[0m  [1m[35mCREATE UNIQUE INDEX  "index_visits_on_short_url_id" ON "visits"  ("short_url_id")[0m
  ↳ db/migrate/20210106223439_create_visits.rb:11
  [1m[35m (0.2ms)[0m  [1m[34mSELECT pg_advisory_unlock(4762635147840476445)[0m
  ↳ bin/rails:9
  [1m[35m (0.2ms)[0m  [1m[34mSELECT pg_try_advisory_lock(4762635147840476445)[0m
  ↳ bin/rails:9
  [1m[35m (0.8ms)[0m  [1m[34mSELECT "schema_migrations"."version" FROM "schema_migrations" ORDER BY "schema_migrations"."version" ASC[0m
  ↳ bin/rails:9
Migrating to CreateVisits (20210106223439)
  [1m[35m (1.2ms)[0m  [1m[35mCREATE UNIQUE INDEX  "index_visits_on_short_url_id" ON "visits"  ("short_url_id")[0m
  ↳ db/migrate/20210106223439_create_visits.rb:11
  [1m[35m (1.0ms)[0m  [1m[35mCREATE UNIQUE INDEX  "index_visits_on_short_url_id" ON "visits"  ("short_url_id")[0m
  ↳ db/migrate/20210106223439_create_visits.rb:11
  [1m[35m (0.2ms)[0m  [1m[34mSELECT pg_advisory_unlock(4762635147840476445)[0m
  ↳ bin/rails:9
  [1m[35m (0.3ms)[0m  [1m[34mSELECT pg_try_advisory_lock(4762635147840476445)[0m
  ↳ bin/rails:9
  [1m[35m (1.1ms)[0m  [1m[34mSELECT "schema_migrations"."version" FROM "schema_migrations" ORDER BY "schema_migrations"."version" ASC[0m
  ↳ bin/rails:9
Migrating to CreateVisits (20210106223439)
  [1m[35m (0.1ms)[0m  [1m[35mBEGIN[0m
  ↳ bin/rails:9
  [1m[35m (7.5ms)[0m  [1m[35mCREATE TABLE "visits" ("id" bigserial primary key, "short_url_id" integer, "visitor_id" integer, "created_at" timestamp NOT NULL, "updated_at" timestamp NOT NULL)[0m
  ↳ db/migrate/20210106223439_create_visits.rb:3
  [1m[35m (27.3ms)[0m  [1m[35mCREATE UNIQUE INDEX  "index_visits_on_short_url_id" ON "visits"  ("short_url_id")[0m
  ↳ db/migrate/20210106223439_create_visits.rb:10
  [1m[35m (7.0ms)[0m  [1m[35mCREATE UNIQUE INDEX  "index_visits_on_visitor_id" ON "visits"  ("visitor_id")[0m
  ↳ db/migrate/20210106223439_create_visits.rb:11
  [1m[36mActiveRecord::SchemaMigration Create (0.4ms)[0m  [1m[32mINSERT INTO "schema_migrations" ("version") VALUES ($1) RETURNING "version"[0m  [["version", "20210106223439"]]
  ↳ bin/rails:9
  [1m[35m (0.6ms)[0m  [1m[35mCOMMIT[0m
  ↳ bin/rails:9
  [1m[36mActiveRecord::InternalMetadata Load (0.5ms)[0m  [1m[34mSELECT  "ar_internal_metadata".* FROM "ar_internal_metadata" WHERE "ar_internal_metadata"."key" = $1 LIMIT $2[0m  [["key", "environment"], ["LIMIT", 1]]
  ↳ bin/rails:9
  [1m[35m (0.1ms)[0m  [1m[35mBEGIN[0m
  ↳ bin/rails:9
  [1m[35m (0.1ms)[0m  [1m[35mCOMMIT[0m
  ↳ bin/rails:9
  [1m[35m (0.2ms)[0m  [1m[34mSELECT pg_advisory_unlock(4762635147840476445)[0m
  ↳ bin/rails:9
  [1m[35m (0.2ms)[0m  [1m[34mSELECT "schema_migrations"."version" FROM "schema_migrations" ORDER BY "schema_migrations"."version" ASC[0m
  ↳ bin/rails:9
  [1m[36mShortenedUrl Load (1.4ms)[0m  [1m[34mSELECT "shortened_urls".* FROM "shortened_urls"[0m
  [1m[35m (2.6ms)[0m  [1m[34mSELECT COUNT(*) FROM "shortened_urls"[0m
  [1m[36mUser Load (2.7ms)[0m  [1m[34mSELECT "users".* FROM "users"[0m
  [1m[36mUser Load (0.3ms)[0m  [1m[34mSELECT  "users".* FROM "users" WHERE "users"."id" = $1 LIMIT $2[0m  [["id", 1], ["LIMIT", 1]]
  [1m[36mShortenedUrl Load (2.2ms)[0m  [1m[34mSELECT "shortened_urls".* FROM "shortened_urls" WHERE "shortened_urls"."user_id" = $1[0m  [["user_id", 1]]
  [1m[36mUser Load (1.2ms)[0m  [1m[34mSELECT  "users".* FROM "users" WHERE "users"."id" = $1 LIMIT $2[0m  [["id", 1], ["LIMIT", 1]]
  [1m[36mVisit Load (3.5ms)[0m  [1m[34mSELECT "visits".* FROM "visits" WHERE "visits"."visitor_id" = $1[0m  [["visitor_id", 1]]
  [1m[36mUser Load (0.4ms)[0m  [1m[34mSELECT  "users".* FROM "users" WHERE "users"."id" = $1 LIMIT $2[0m  [["id", 1], ["LIMIT", 1]]
  [1m[36mUser Load (0.5ms)[0m  [1m[34mSELECT  "users".* FROM "users" WHERE "users"."id" = $1 LIMIT $2[0m  [["id", 1], ["LIMIT", 1]]
  [1m[36mShortenedUrl Load (0.5ms)[0m  [1m[34mSELECT "shortened_urls".* FROM "shortened_urls" INNER JOIN "visits" ON "shortened_urls"."id" = "visits"."short_url_id" WHERE "visits"."visitor_id" = $1[0m  [["visitor_id", 1]]
  [1m[36mShortenedUrl Load (0.6ms)[0m  [1m[34mSELECT  "shortened_urls".* FROM "shortened_urls" WHERE "shortened_urls"."id" = $1 LIMIT $2[0m  [["id", 1], ["LIMIT", 1]]
  [1m[36mUser Load (1.1ms)[0m  [1m[34mSELECT  "users".* FROM "users" WHERE "users"."id" = $1 LIMIT $2[0m  [["id", 1], ["LIMIT", 1]]
  [1m[36mShortenedUrl Load (1.2ms)[0m  [1m[34mSELECT  "shortened_urls".* FROM "shortened_urls" WHERE "shortened_urls"."id" = $1 LIMIT $2[0m  [["id", 1], ["LIMIT", 1]]
  [1m[36mVisit Load (0.2ms)[0m  [1m[34mSELECT "visits".* FROM "visits" WHERE "visits"."short_url_id" = $1[0m  [["short_url_id", 1]]
  [1m[36mShortenedUrl Load (0.3ms)[0m  [1m[34mSELECT  "shortened_urls".* FROM "shortened_urls" WHERE "shortened_urls"."id" = $1 LIMIT $2[0m  [["id", 1], ["LIMIT", 1]]
  [1m[36mShortenedUrl Load (0.5ms)[0m  [1m[34mSELECT  "shortened_urls".* FROM "shortened_urls" WHERE "shortened_urls"."id" = $1 LIMIT $2[0m  [["id", 1], ["LIMIT", 1]]
  [1m[36mShortenedUrl Load (0.2ms)[0m  [1m[34mSELECT  "shortened_urls".* FROM "shortened_urls" WHERE "shortened_urls"."id" = $1 LIMIT $2[0m  [["id", 1], ["LIMIT", 1]]
  [1m[36mUser Load (0.3ms)[0m  [1m[34mSELECT "users".* FROM "users" INNER JOIN "visits" ON "users"."id" = "visits"."visitor_id" WHERE "visits"."short_url_id" = $1[0m  [["short_url_id", 1]]
  [1m[36mShortenedUrl Load (0.5ms)[0m  [1m[34mSELECT  "shortened_urls".* FROM "shortened_urls" WHERE "shortened_urls"."id" = $1 LIMIT $2[0m  [["id", 1], ["LIMIT", 1]]
  [1m[35m (1.3ms)[0m  [1m[34mSELECT COUNT(*) FROM "users" INNER JOIN "visits" ON "users"."id" = "visits"."visitor_id" WHERE "visits"."short_url_id" = $1[0m  [["short_url_id", 1]]
  [1m[36mShortenedUrl Load (0.1ms)[0m  [1m[34mSELECT  "shortened_urls".* FROM "shortened_urls" WHERE "shortened_urls"."id" = $1 LIMIT $2[0m  [["id", 1], ["LIMIT", 1]]
  [1m[35m (8.1ms)[0m  [1m[34mSELECT COUNT(DISTINCT "users"."id") FROM "users" INNER JOIN "visits" ON "users"."id" = "visits"."visitor_id" WHERE "visits"."short_url_id" = $1 AND (created_at < '2021-01-07 16:31:00.570749')[0m  [["short_url_id", 1]]
  [1m[36mShortenedUrl Load (0.4ms)[0m  [1m[34mSELECT  "shortened_urls".* FROM "shortened_urls" WHERE "shortened_urls"."id" = $1 LIMIT $2[0m  [["id", 1], ["LIMIT", 1]]
  [1m[35m (3.1ms)[0m  [1m[34mSELECT COUNT(DISTINCT user_id) FROM "visits" WHERE "visits"."short_url_id" = $1 AND (created_at < '2021-01-07 16:32:20.973176')[0m  [["short_url_id", 1]]
  [1m[36mShortenedUrl Load (0.2ms)[0m  [1m[34mSELECT  "shortened_urls".* FROM "shortened_urls" WHERE "shortened_urls"."id" = $1 LIMIT $2[0m  [["id", 1], ["LIMIT", 1]]
  [1m[35m (1.2ms)[0m  [1m[34mSELECT COUNT(DISTINCT user_id) FROM "visits" WHERE "visits"."short_url_id" = $1 AND (created_at < '2021-01-07 16:33:18.081247')[0m  [["short_url_id", 1]]
  [1m[36mShortenedUrl Load (0.4ms)[0m  [1m[34mSELECT  "shortened_urls".* FROM "shortened_urls" WHERE "shortened_urls"."id" = $1 LIMIT $2[0m  [["id", 1], ["LIMIT", 1]]
  [1m[35m (1.0ms)[0m  [1m[34mSELECT COUNT(DISTINCT user_id) FROM "users" INNER JOIN "visits" ON "users"."id" = "visits"."visitor_id" WHERE "visits"."short_url_id" = $1 AND (created_at < '2021-01-07 16:35:34.817725')[0m  [["short_url_id", 1]]
  [1m[36mShortenedUrl Load (2.3ms)[0m  [1m[34mSELECT  "shortened_urls".* FROM "shortened_urls" WHERE "shortened_urls"."id" = $1 LIMIT $2[0m  [["id", 1], ["LIMIT", 1]]
  [1m[35m (6.1ms)[0m  [1m[34mSELECT COUNT(DISTINCT user_id) FROM "users" INNER JOIN "visits" ON "users"."id" = "visits"."visitor_id" WHERE "visits"."short_url_id" = $1 AND (created_at < '2021-01-07 16:35:55.047857')[0m  [["short_url_id", 1]]
  [1m[36mShortenedUrl Load (0.2ms)[0m  [1m[34mSELECT  "shortened_urls".* FROM "shortened_urls" WHERE "shortened_urls"."id" = $1 LIMIT $2[0m  [["id", 1], ["LIMIT", 1]]
  [1m[35m (1.0ms)[0m  [1m[34mSELECT COUNT(DISTINCT "users"."id") FROM "users" INNER JOIN "visits" ON "users"."id" = "visits"."visitor_id" WHERE "visits"."short_url_id" = $1 AND (created_at < '2021-01-07 16:35:57.006541')[0m  [["short_url_id", 1]]
  [1m[36mShortenedUrl Load (1.1ms)[0m  [1m[34mSELECT  "shortened_urls".* FROM "shortened_urls" WHERE "shortened_urls"."id" = $1 LIMIT $2[0m  [["id", 1], ["LIMIT", 1]]
  [1m[35m (2.4ms)[0m  [1m[34mSELECT COUNT(DISTINCT "users"."id") FROM "users" INNER JOIN "visits" ON "users"."id" = "visits"."visitor_id" WHERE "visits"."short_url_id" = $1 AND (created_at < '2021-01-07 16:36:41.461764')[0m  [["short_url_id", 1]]
  [1m[36mShortenedUrl Load (0.2ms)[0m  [1m[34mSELECT  "shortened_urls".* FROM "shortened_urls" WHERE "shortened_urls"."id" = $1 LIMIT $2[0m  [["id", 1], ["LIMIT", 1]]
  [1m[35m (2.9ms)[0m  [1m[34mSELECT COUNT(DISTINCT "users"."id") FROM "users" INNER JOIN "visits" ON "users"."id" = "visits"."visitor_id" WHERE "visits"."short_url_id" = $1 AND (visits.created_at < '2021-01-07 16:36:43.487481')[0m  [["short_url_id", 1]]
  [1m[36mShortenedUrl Load (0.3ms)[0m  [1m[34mSELECT "shortened_urls".* FROM "shortened_urls"[0m
  [1m[36mUser Load (2.1ms)[0m  [1m[34mSELECT  "users".* FROM "users" WHERE "users"."id" = $1 LIMIT $2[0m  [["id", 1], ["LIMIT", 1]]
  [1m[36mShortenedUrl Load (6.8ms)[0m  [1m[34mSELECT  "shortened_urls".* FROM "shortened_urls" WHERE "shortened_urls"."id" = $1 LIMIT $2[0m  [["id", 1], ["LIMIT", 1]]
  [1m[36mUser Load (0.3ms)[0m  [1m[34mSELECT  "users".* FROM "users" WHERE "users"."id" = $1 LIMIT $2[0m  [["id", 1], ["LIMIT", 1]]
  [1m[36mShortenedUrl Load (2.9ms)[0m  [1m[34mSELECT  "shortened_urls".* FROM "shortened_urls" WHERE "shortened_urls"."id" = $1 LIMIT $2[0m  [["id", 1], ["LIMIT", 1]]
  [1m[35m (0.2ms)[0m  [1m[35mBEGIN[0m
  [1m[36mShortenedUrl Load (1.9ms)[0m  [1m[34mSELECT  "shortened_urls".* FROM "shortened_urls" WHERE "shortened_urls"."id" = $1 LIMIT $2[0m  [["id", 1], ["LIMIT", 1]]
  [1m[36mUser Load (4.3ms)[0m  [1m[34mSELECT  "users".* FROM "users" WHERE "users"."id" = $1 LIMIT $2[0m  [["id", 1], ["LIMIT", 1]]
  [1m[36mVisit Create (4.1ms)[0m  [1m[32mINSERT INTO "visits" ("short_url_id", "visitor_id", "created_at", "updated_at") VALUES ($1, $2, $3, $4) RETURNING "id"[0m  [["short_url_id", 1], ["visitor_id", 1], ["created_at", "2021-01-07 16:50:29.665644"], ["updated_at", "2021-01-07 16:50:29.665644"]]
  [1m[35m (3.9ms)[0m  [1m[35mCOMMIT[0m
  [1m[36mUser Load (1.3ms)[0m  [1m[34mSELECT  "users".* FROM "users" WHERE "users"."id" = $1 LIMIT $2[0m  [["id", 1], ["LIMIT", 1]]
  [1m[36mShortenedUrl Load (0.2ms)[0m  [1m[34mSELECT  "shortened_urls".* FROM "shortened_urls" WHERE "shortened_urls"."id" = $1 LIMIT $2[0m  [["id", 1], ["LIMIT", 1]]
  [1m[35m (0.1ms)[0m  [1m[35mBEGIN[0m
  [1m[36mShortenedUrl Load (0.1ms)[0m  [1m[34mSELECT  "shortened_urls".* FROM "shortened_urls" WHERE "shortened_urls"."id" = $1 LIMIT $2[0m  [["id", 1], ["LIMIT", 1]]
  [1m[36mUser Load (0.1ms)[0m  [1m[34mSELECT  "users".* FROM "users" WHERE "users"."id" = $1 LIMIT $2[0m  [["id", 1], ["LIMIT", 1]]
  [1m[36mVisit Create (4.2ms)[0m  [1m[32mINSERT INTO "visits" ("short_url_id", "visitor_id", "created_at", "updated_at") VALUES ($1, $2, $3, $4) RETURNING "id"[0m  [["short_url_id", 1], ["visitor_id", 1], ["created_at", "2021-01-07 16:50:43.926149"], ["updated_at", "2021-01-07 16:50:43.926149"]]
  [1m[35m (0.3ms)[0m  [1m[31mROLLBACK[0m
  [1m[36mVisit Load (0.3ms)[0m  [1m[34mSELECT "visits".* FROM "visits"[0m
  [1m[36mUser Load (0.2ms)[0m  [1m[34mSELECT  "users".* FROM "users" WHERE "users"."id" = $1 LIMIT $2[0m  [["id", 1], ["LIMIT", 1]]
  [1m[36mShortenedUrl Load (0.1ms)[0m  [1m[34mSELECT  "shortened_urls".* FROM "shortened_urls" WHERE "shortened_urls"."id" = $1 LIMIT $2[0m  [["id", 1], ["LIMIT", 1]]
  [1m[35m (0.1ms)[0m  [1m[35mBEGIN[0m
  [1m[36mShortenedUrl Load (3.4ms)[0m  [1m[34mSELECT  "shortened_urls".* FROM "shortened_urls" WHERE "shortened_urls"."id" = $1 LIMIT $2[0m  [["id", 1], ["LIMIT", 1]]
  [1m[36mUser Load (0.2ms)[0m  [1m[34mSELECT  "users".* FROM "users" WHERE "users"."id" = $1 LIMIT $2[0m  [["id", 1], ["LIMIT", 1]]
  [1m[36mVisit Create (1.2ms)[0m  [1m[32mINSERT INTO "visits" ("short_url_id", "visitor_id", "created_at", "updated_at") VALUES ($1, $2, $3, $4) RETURNING "id"[0m  [["short_url_id", 1], ["visitor_id", 1], ["created_at", "2021-01-07 16:51:03.018944"], ["updated_at", "2021-01-07 16:51:03.018944"]]
  [1m[35m (0.1ms)[0m  [1m[31mROLLBACK[0m
  [1m[36mUser Load (0.2ms)[0m  [1m[34mSELECT  "users".* FROM "users" WHERE "users"."id" = $1 LIMIT $2[0m  [["id", 1], ["LIMIT", 1]]
  [1m[36mShortenedUrl Load (0.3ms)[0m  [1m[34mSELECT  "shortened_urls".* FROM "shortened_urls" WHERE "shortened_urls"."id" = $1 LIMIT $2[0m  [["id", 1], ["LIMIT", 1]]
  [1m[35m (0.1ms)[0m  [1m[35mBEGIN[0m
  [1m[36mShortenedUrl Load (0.2ms)[0m  [1m[34mSELECT  "shortened_urls".* FROM "shortened_urls" WHERE "shortened_urls"."id" = $1 LIMIT $2[0m  [["id", 1], ["LIMIT", 1]]
  [1m[36mUser Load (0.3ms)[0m  [1m[34mSELECT  "users".* FROM "users" WHERE "users"."id" = $1 LIMIT $2[0m  [["id", 1], ["LIMIT", 1]]
  [1m[36mVisit Create (1.6ms)[0m  [1m[32mINSERT INTO "visits" ("short_url_id", "visitor_id", "created_at", "updated_at") VALUES ($1, $2, $3, $4) RETURNING "id"[0m  [["short_url_id", 1], ["visitor_id", 1], ["created_at", "2021-01-07 16:52:52.605321"], ["updated_at", "2021-01-07 16:52:52.605321"]]
  [1m[35m (0.1ms)[0m  [1m[31mROLLBACK[0m
  [1m[36mUser Load (0.6ms)[0m  [1m[34mSELECT  "users".* FROM "users" WHERE "users"."id" = $1 LIMIT $2[0m  [["id", 1], ["LIMIT", 1]]
  [1m[36mShortenedUrl Load (8.8ms)[0m  [1m[34mSELECT  "shortened_urls".* FROM "shortened_urls" WHERE "shortened_urls"."id" = $1 LIMIT $2[0m  [["id", 1], ["LIMIT", 1]]
  [1m[35m (1.3ms)[0m  [1m[35mBEGIN[0m
  [1m[36mShortenedUrl Load (6.1ms)[0m  [1m[34mSELECT  "shortened_urls".* FROM "shortened_urls" WHERE "shortened_urls"."id" = $1 LIMIT $2[0m  [["id", 1], ["LIMIT", 1]]
  [1m[36mUser Load (7.6ms)[0m  [1m[34mSELECT  "users".* FROM "users" WHERE "users"."id" = $1 LIMIT $2[0m  [["id", 1], ["LIMIT", 1]]
  [1m[36mVisit Create (5.9ms)[0m  [1m[32mINSERT INTO "visits" ("short_url_id", "visitor_id", "created_at", "updated_at") VALUES ($1, $2, $3, $4) RETURNING "id"[0m  [["short_url_id", 1], ["visitor_id", 1], ["created_at", "2021-01-07 16:54:38.661465"], ["updated_at", "2021-01-07 16:54:38.661465"]]
  [1m[35m (0.5ms)[0m  [1m[31mROLLBACK[0m
  [1m[36mUser Load (0.3ms)[0m  [1m[34mSELECT  "users".* FROM "users" WHERE "users"."id" = $1 LIMIT $2[0m  [["id", 1], ["LIMIT", 1]]
  [1m[36mShortenedUrl Load (0.2ms)[0m  [1m[34mSELECT  "shortened_urls".* FROM "shortened_urls" WHERE "shortened_urls"."id" = $1 LIMIT $2[0m  [["id", 1], ["LIMIT", 1]]
  [1m[35m (1.6ms)[0m  [1m[35mBEGIN[0m
  [1m[36mShortenedUrl Load (0.8ms)[0m  [1m[34mSELECT  "shortened_urls".* FROM "shortened_urls" WHERE "shortened_urls"."id" = $1 LIMIT $2[0m  [["id", 1], ["LIMIT", 1]]
  [1m[36mUser Load (5.5ms)[0m  [1m[34mSELECT  "users".* FROM "users" WHERE "users"."id" = $1 LIMIT $2[0m  [["id", 1], ["LIMIT", 1]]
  [1m[36mVisit Create (4.1ms)[0m  [1m[32mINSERT INTO "visits" ("short_url_id", "visitor_id", "created_at", "updated_at") VALUES ($1, $2, $3, $4) RETURNING "id"[0m  [["short_url_id", 1], ["visitor_id", 1], ["created_at", "2021-01-07 16:54:41.694691"], ["updated_at", "2021-01-07 16:54:41.694691"]]
  [1m[35m (0.4ms)[0m  [1m[31mROLLBACK[0m
  [1m[36mUser Load (0.1ms)[0m  [1m[34mSELECT  "users".* FROM "users" WHERE "users"."id" = $1 LIMIT $2[0m  [["id", 1], ["LIMIT", 1]]
  [1m[36mShortenedUrl Load (0.1ms)[0m  [1m[34mSELECT  "shortened_urls".* FROM "shortened_urls" WHERE "shortened_urls"."id" = $1 LIMIT $2[0m  [["id", 1], ["LIMIT", 1]]
  [1m[35m (0.1ms)[0m  [1m[35mBEGIN[0m
  [1m[36mShortenedUrl Load (0.2ms)[0m  [1m[34mSELECT  "shortened_urls".* FROM "shortened_urls" WHERE "shortened_urls"."id" = $1 LIMIT $2[0m  [["id", 1], ["LIMIT", 1]]
  [1m[36mUser Load (0.2ms)[0m  [1m[34mSELECT  "users".* FROM "users" WHERE "users"."id" = $1 LIMIT $2[0m  [["id", 1], ["LIMIT", 1]]
  [1m[36mVisit Create (3.3ms)[0m  [1m[32mINSERT INTO "visits" ("short_url_id", "visitor_id", "created_at", "updated_at") VALUES ($1, $2, $3, $4) RETURNING "id"[0m  [["short_url_id", 1], ["visitor_id", 1], ["created_at", "2021-01-07 16:58:55.673499"], ["updated_at", "2021-01-07 16:58:55.673499"]]
  [1m[35m (0.1ms)[0m  [1m[31mROLLBACK[0m
  [1m[35m (0.1ms)[0m  [1m[34mSELECT pg_try_advisory_lock(4762635147840476445)[0m
  ↳ bin/rails:9
  [1m[35m (1.2ms)[0m  [1m[34mSELECT "schema_migrations"."version" FROM "schema_migrations" ORDER BY "schema_migrations"."version" ASC[0m
  ↳ bin/rails:9
Migrating to RemoveUniqueFromAddIndex (20210107181227)
  [1m[35m (0.1ms)[0m  [1m[35mBEGIN[0m
  ↳ bin/rails:9
  [1m[35m (9.5ms)[0m  [1m[35mDROP INDEX  "index_visits_on_short_url_id"[0m
  ↳ db/migrate/20210107181227_remove_unique_from_add_index.rb:3
  [1m[35m (0.6ms)[0m  [1m[35mDROP INDEX  "index_visits_on_visitor_id"[0m
  ↳ db/migrate/20210107181227_remove_unique_from_add_index.rb:4
  [1m[35m (1.6ms)[0m  [1m[35mDROP INDEX  "index_shortened_urls_on_user_id"[0m
  ↳ db/migrate/20210107181227_remove_unique_from_add_index.rb:5
  [1m[35m (6.4ms)[0m  [1m[35mCREATE  INDEX  "index_visits_on_short_url_id" ON "visits"  ("short_url_id")[0m
  ↳ db/migrate/20210107181227_remove_unique_from_add_index.rb:7
  [1m[35m (1.4ms)[0m  [1m[35mCREATE  INDEX  "index_visits_on_visitor_id" ON "visits"  ("visitor_id")[0m
  ↳ db/migrate/20210107181227_remove_unique_from_add_index.rb:8
  [1m[35m (1.6ms)[0m  [1m[35mCREATE  INDEX  "index_shortened_urls_on_user_id" ON "shortened_urls"  ("user_id")[0m
  ↳ db/migrate/20210107181227_remove_unique_from_add_index.rb:9
  [1m[36mActiveRecord::SchemaMigration Create (0.6ms)[0m  [1m[32mINSERT INTO "schema_migrations" ("version") VALUES ($1) RETURNING "version"[0m  [["version", "20210107181227"]]
  ↳ bin/rails:9
  [1m[35m (2.5ms)[0m  [1m[35mCOMMIT[0m
  ↳ bin/rails:9
  [1m[36mActiveRecord::InternalMetadata Load (1.5ms)[0m  [1m[34mSELECT  "ar_internal_metadata".* FROM "ar_internal_metadata" WHERE "ar_internal_metadata"."key" = $1 LIMIT $2[0m  [["key", "environment"], ["LIMIT", 1]]
  ↳ bin/rails:9
  [1m[35m (0.1ms)[0m  [1m[35mBEGIN[0m
  ↳ bin/rails:9
  [1m[35m (0.1ms)[0m  [1m[35mCOMMIT[0m
  ↳ bin/rails:9
  [1m[35m (0.2ms)[0m  [1m[34mSELECT pg_advisory_unlock(4762635147840476445)[0m
  ↳ bin/rails:9
  [1m[35m (0.2ms)[0m  [1m[34mSELECT "schema_migrations"."version" FROM "schema_migrations" ORDER BY "schema_migrations"."version" ASC[0m
  ↳ bin/rails:9
  [1m[36mVisit Load (1.1ms)[0m  [1m[34mSELECT "visits".* FROM "visits"[0m
  [1m[36mUser Load (0.5ms)[0m  [1m[34mSELECT  "users".* FROM "users" WHERE "users"."id" = $1 LIMIT $2[0m  [["id", 1], ["LIMIT", 1]]
  [1m[36mShortenedUrl Load (1.4ms)[0m  [1m[34mSELECT  "shortened_urls".* FROM "shortened_urls" WHERE "shortened_urls"."id" = $1 LIMIT $2[0m  [["id", 1], ["LIMIT", 1]]
  [1m[35m (0.2ms)[0m  [1m[35mBEGIN[0m
  [1m[36mShortenedUrl Load (0.4ms)[0m  [1m[34mSELECT  "shortened_urls".* FROM "shortened_urls" WHERE "shortened_urls"."id" = $1 LIMIT $2[0m  [["id", 1], ["LIMIT", 1]]
  [1m[36mUser Load (0.2ms)[0m  [1m[34mSELECT  "users".* FROM "users" WHERE "users"."id" = $1 LIMIT $2[0m  [["id", 1], ["LIMIT", 1]]
  [1m[36mVisit Create (0.5ms)[0m  [1m[32mINSERT INTO "visits" ("short_url_id", "visitor_id", "created_at", "updated_at") VALUES ($1, $2, $3, $4) RETURNING "id"[0m  [["short_url_id", 1], ["visitor_id", 1], ["created_at", "2021-01-07 18:55:21.423912"], ["updated_at", "2021-01-07 18:55:21.423912"]]
  [1m[35m (0.4ms)[0m  [1m[35mCOMMIT[0m
  [1m[35m (0.6ms)[0m  [1m[34mSELECT COUNT(*) FROM "visits"[0m
  [1m[36mVisit Load (0.8ms)[0m  [1m[34mSELECT "visits".* FROM "visits"[0m
  [1m[36mUser Load (0.4ms)[0m  [1m[34mSELECT  "users".* FROM "users" WHERE "users"."id" = $1 LIMIT $2[0m  [["id", 1], ["LIMIT", 1]]
  [1m[36mShortenedUrl Load (2.0ms)[0m  [1m[34mSELECT  "shortened_urls".* FROM "shortened_urls" WHERE "shortened_urls"."id" = $1 LIMIT $2[0m  [["id", 1], ["LIMIT", 1]]
  [1m[35m (0.1ms)[0m  [1m[35mBEGIN[0m
  [1m[36mShortenedUrl Load (0.2ms)[0m  [1m[34mSELECT  "shortened_urls".* FROM "shortened_urls" WHERE "shortened_urls"."id" = $1 LIMIT $2[0m  [["id", 1], ["LIMIT", 1]]
  [1m[36mUser Load (0.2ms)[0m  [1m[34mSELECT  "users".* FROM "users" WHERE "users"."id" = $1 LIMIT $2[0m  [["id", 1], ["LIMIT", 1]]
  [1m[36mVisit Create (0.3ms)[0m  [1m[32mINSERT INTO "visits" ("short_url_id", "visitor_id", "created_at", "updated_at") VALUES ($1, $2, $3, $4) RETURNING "id"[0m  [["short_url_id", 1], ["visitor_id", 1], ["created_at", "2021-01-07 18:55:49.687651"], ["updated_at", "2021-01-07 18:55:49.687651"]]
  [1m[35m (1.7ms)[0m  [1m[35mCOMMIT[0m
  [1m[36mUser Load (0.4ms)[0m  [1m[34mSELECT  "users".* FROM "users" WHERE "users"."id" = $1 LIMIT $2[0m  [["id", 1], ["LIMIT", 1]]
  [1m[36mShortenedUrl Load (0.3ms)[0m  [1m[34mSELECT  "shortened_urls".* FROM "shortened_urls" WHERE "shortened_urls"."id" = $1 LIMIT $2[0m  [["id", 1], ["LIMIT", 1]]
  [1m[35m (0.1ms)[0m  [1m[35mBEGIN[0m
  [1m[36mShortenedUrl Load (1.4ms)[0m  [1m[34mSELECT  "shortened_urls".* FROM "shortened_urls" WHERE "shortened_urls"."id" = $1 LIMIT $2[0m  [["id", 1], ["LIMIT", 1]]
  [1m[36mUser Load (0.3ms)[0m  [1m[34mSELECT  "users".* FROM "users" WHERE "users"."id" = $1 LIMIT $2[0m  [["id", 1], ["LIMIT", 1]]
  [1m[36mVisit Create (0.3ms)[0m  [1m[32mINSERT INTO "visits" ("short_url_id", "visitor_id", "created_at", "updated_at") VALUES ($1, $2, $3, $4) RETURNING "id"[0m  [["short_url_id", 1], ["visitor_id", 1], ["created_at", "2021-01-07 18:55:53.293829"], ["updated_at", "2021-01-07 18:55:53.293829"]]
  [1m[35m (0.5ms)[0m  [1m[35mCOMMIT[0m
  [1m[36mUser Load (0.3ms)[0m  [1m[34mSELECT  "users".* FROM "users" WHERE "users"."id" = $1 LIMIT $2[0m  [["id", 1], ["LIMIT", 1]]
  [1m[36mShortenedUrl Load (0.5ms)[0m  [1m[34mSELECT "shortened_urls".* FROM "shortened_urls" INNER JOIN "visits" ON "shortened_urls"."id" = "visits"."short_url_id" WHERE "visits"."visitor_id" = $1[0m  [["visitor_id", 1]]
  [1m[36mShortenedUrl Load (1.5ms)[0m  [1m[34mSELECT "shortened_urls".* FROM "shortened_urls"[0m
  [1m[36mShortenedUrl Load (0.9ms)[0m  [1m[34mSELECT  "shortened_urls".* FROM "shortened_urls" WHERE "shortened_urls"."id" = $1 LIMIT $2[0m  [["id", 1], ["LIMIT", 1]]
  [1m[36mUser Load (0.8ms)[0m  [1m[34mSELECT DISTINCT "users".* FROM "users" INNER JOIN "visits" ON "users"."id" = "visits"."visitor_id" WHERE "visits"."short_url_id" = $1[0m  [["short_url_id", 1]]
  [1m[36mShortenedUrl Load (0.3ms)[0m  [1m[34mSELECT  "shortened_urls".* FROM "shortened_urls" WHERE "shortened_urls"."id" = $1 LIMIT $2[0m  [["id", 1], ["LIMIT", 1]]
  [1m[36mVisit Load (0.3ms)[0m  [1m[34mSELECT "visits".* FROM "visits" WHERE "visits"."short_url_id" = $1[0m  [["short_url_id", 1]]
  [1m[36mShortenedUrl Load (0.3ms)[0m  [1m[34mSELECT  "shortened_urls".* FROM "shortened_urls" WHERE "shortened_urls"."id" = $1 LIMIT $2[0m  [["id", 1], ["LIMIT", 1]]
  [1m[35m (2.6ms)[0m  [1m[34mSELECT COUNT(*) FROM "visits" WHERE "visits"."short_url_id" = $1[0m  [["short_url_id", 1]]
  [1m[36mShortenedUrl Load (0.3ms)[0m  [1m[34mSELECT  "shortened_urls".* FROM "shortened_urls" WHERE "shortened_urls"."id" = $1 LIMIT $2[0m  [["id", 1], ["LIMIT", 1]]
  [1m[35m (0.6ms)[0m  [1m[34mSELECT COUNT(DISTINCT "users"."id") FROM "users" INNER JOIN "visits" ON "users"."id" = "visits"."visitor_id" WHERE "visits"."short_url_id" = $1[0m  [["short_url_id", 1]]
  [1m[36mShortenedUrl Load (1.1ms)[0m  [1m[34mSELECT  "shortened_urls".* FROM "shortened_urls" WHERE "shortened_urls"."id" = $1 LIMIT $2[0m  [["id", 1], ["LIMIT", 1]]
  [1m[36mShortenedUrl Load (0.7ms)[0m  [1m[34mSELECT  "shortened_urls".* FROM "shortened_urls" WHERE "shortened_urls"."id" = $1 LIMIT $2[0m  [["id", 1], ["LIMIT", 1]]
  [1m[35m (3.3ms)[0m  [1m[34mSELECT COUNT(DISTINCT "users"."id") FROM "users" INNER JOIN "visits" ON "users"."id" = "visits"."visitor_id" WHERE "visits"."short_url_id" = $1 AND (visits.created_at < '2021-01-07 18:49:45.200632')[0m  [["short_url_id", 1]]
  [1m[36mUser Load (0.4ms)[0m  [1m[34mSELECT  "users".* FROM "users" WHERE "users"."email" = $1 LIMIT $2[0m  [["email", "sa@gmail.com"], ["LIMIT", 1]]
  ↳ bin/cli.rb:16
  [1m[36mShortenedUrl Exists (0.4ms)[0m  [1m[34mSELECT  1 AS one FROM "shortened_urls" WHERE "shortened_urls"."short_url" = $1 LIMIT $2[0m  [["short_url", "Q5LsvpgtrsNIlfeYYqhtzQ"], ["LIMIT", 1]]
  ↳ app/models/shortened_url.rb:8
  [1m[35m (0.1ms)[0m  [1m[35mBEGIN[0m
  ↳ app/models/shortened_url.rb:13
  [1m[36mShortenedUrl Exists (0.3ms)[0m  [1m[34mSELECT  1 AS one FROM "shortened_urls" WHERE "shortened_urls"."short_url" = $1 LIMIT $2[0m  [["short_url", "Q5LsvpgtrsNIlfeYYqhtzQ"], ["LIMIT", 1]]
  ↳ app/models/shortened_url.rb:13
  [1m[36mUser Load (0.2ms)[0m  [1m[34mSELECT  "users".* FROM "users" WHERE "users"."id" = $1 LIMIT $2[0m  [["id", 1], ["LIMIT", 1]]
  ↳ app/models/shortened_url.rb:13
  [1m[36mShortenedUrl Create (1.1ms)[0m  [1m[32mINSERT INTO "shortened_urls" ("long_url", "short_url", "user_id", "created_at", "updated_at") VALUES ($1, $2, $3, $4, $5) RETURNING "id"[0m  [["long_url", "www.google.com"], ["short_url", "Q5LsvpgtrsNIlfeYYqhtzQ"], ["user_id", 1], ["created_at", "2021-01-07 19:44:04.661623"], ["updated_at", "2021-01-07 19:44:04.661623"]]
  ↳ app/models/shortened_url.rb:13
  [1m[35m (0.8ms)[0m  [1m[35mCOMMIT[0m
  ↳ app/models/shortened_url.rb:13
  [1m[36mShortenedUrl Load (0.6ms)[0m  [1m[34mSELECT  "shortened_urls".* FROM "shortened_urls" WHERE "shortened_urls"."short_url" = $1 LIMIT $2[0m  [["short_url", "Q5LsvpgtrsNIlfeYYqhtzQ"], ["LIMIT", 1]]
  ↳ bin/cli.rb:26
  [1m[36mShortenedUrl Load (0.5ms)[0m  [1m[34mSELECT  "shortened_urls".* FROM "shortened_urls" WHERE "shortened_urls"."short_url" = $1 LIMIT $2[0m  [["short_url", "Q5LsvpgtrsNIlfeYYqhtzQ"], ["LIMIT", 1]]
  ↳ bin/cli.rb:26
  [1m[36mShortenedUrl Load (0.5ms)[0m  [1m[34mSELECT  "shortened_urls".* FROM "shortened_urls" WHERE "shortened_urls"."short_url" = $1 LIMIT $2[0m  [["short_url", "Q5LsvpgtrsNIlfeYYqhtzQ"], ["LIMIT", 1]]
  ↳ bin/cli.rb:27
  [1m[36mUser Load (0.6ms)[0m  [1m[34mSELECT  "users".* FROM "users" WHERE "users"."email" = $1 LIMIT $2[0m  [["email", "sa@gmail.com"], ["LIMIT", 1]]
  ↳ bin/cli.rb:6
  [1m[36mShortenedUrl Load (1.9ms)[0m  [1m[34mSELECT  "shortened_urls".* FROM "shortened_urls" WHERE "shortened_urls"."short_url" = $1 LIMIT $2[0m  [["short_url", "Q5LsvpgtrsNIlfeYYqhtzQ"], ["LIMIT", 1]]
  ↳ bin/cli.rb:27
  [1m[35m (0.1ms)[0m  [1m[35mBEGIN[0m
  ↳ app/models/visit.rb:14
  [1m[36mShortenedUrl Load (0.3ms)[0m  [1m[34mSELECT  "shortened_urls".* FROM "shortened_urls" WHERE "shortened_urls"."id" = $1 LIMIT $2[0m  [["id", 2], ["LIMIT", 1]]
  ↳ app/models/visit.rb:14
  [1m[36mUser Load (0.2ms)[0m  [1m[34mSELECT  "users".* FROM "users" WHERE "users"."id" = $1 LIMIT $2[0m  [["id", 1], ["LIMIT", 1]]
  ↳ app/models/visit.rb:14
  [1m[36mVisit Create (0.7ms)[0m  [1m[32mINSERT INTO "visits" ("short_url_id", "visitor_id", "created_at", "updated_at") VALUES ($1, $2, $3, $4) RETURNING "id"[0m  [["short_url_id", 2], ["visitor_id", 1], ["created_at", "2021-01-07 20:00:19.235141"], ["updated_at", "2021-01-07 20:00:19.235141"]]
  ↳ app/models/visit.rb:14
  [1m[35m (1.7ms)[0m  [1m[35mCOMMIT[0m
  ↳ app/models/visit.rb:14
  [1m[36mUser Load (0.6ms)[0m  [1m[34mSELECT  "users".* FROM "users" WHERE "users"."email" = $1 LIMIT $2[0m  [["email", "sa@gmail.com"], ["LIMIT", 1]]
  ↳ bin/cli.rb:6
  [1m[36mShortenedUrl Load (4.7ms)[0m  [1m[34mSELECT  "shortened_urls".* FROM "shortened_urls" WHERE "shortened_urls"."short_url" = $1 LIMIT $2[0m  [["short_url", "Q5LsvpgtrsNIlfeYYqhtzQ"], ["LIMIT", 1]]
  ↳ bin/cli.rb:27
  [1m[36mUser Load (0.4ms)[0m  [1m[34mSELECT  "users".* FROM "users" WHERE "users"."email" = $1 LIMIT $2[0m  [["email", "ssa@gmail.com"], ["LIMIT", 1]]
  ↳ bin/cli.rb:6
  [1m[36mUser Load (0.5ms)[0m  [1m[34mSELECT  "users".* FROM "users" WHERE "users"."email" = $1 LIMIT $2[0m  [["email", "sa@gmail.com"], ["LIMIT", 1]]
  ↳ bin/cli.rb:6
  [1m[36mShortenedUrl Exists (1.1ms)[0m  [1m[34mSELECT  1 AS one FROM "shortened_urls" WHERE "shortened_urls"."short_url" = $1 LIMIT $2[0m  [["short_url", "uZ27GDJQQHxkCCh3ZLhsaw"], ["LIMIT", 1]]
  ↳ app/models/shortened_url.rb:8
  [1m[35m (0.1ms)[0m  [1m[35mBEGIN[0m
  ↳ app/models/shortened_url.rb:13
  [1m[36mShortenedUrl Exists (0.3ms)[0m  [1m[34mSELECT  1 AS one FROM "shortened_urls" WHERE "shortened_urls"."short_url" = $1 LIMIT $2[0m  [["short_url", "uZ27GDJQQHxkCCh3ZLhsaw"], ["LIMIT", 1]]
  ↳ app/models/shortened_url.rb:13
  [1m[36mUser Load (0.2ms)[0m  [1m[34mSELECT  "users".* FROM "users" WHERE "users"."id" = $1 LIMIT $2[0m  [["id", 1], ["LIMIT", 1]]
  ↳ app/models/shortened_url.rb:13
  [1m[36mShortenedUrl Create (0.5ms)[0m  [1m[32mINSERT INTO "shortened_urls" ("long_url", "short_url", "user_id", "created_at", "updated_at") VALUES ($1, $2, $3, $4, $5) RETURNING "id"[0m  [["long_url", "www.google.com"], ["short_url", "uZ27GDJQQHxkCCh3ZLhsaw"], ["user_id", 1], ["created_at", "2021-01-07 20:10:00.834913"], ["updated_at", "2021-01-07 20:10:00.834913"]]
  ↳ app/models/shortened_url.rb:13
  [1m[35m (0.5ms)[0m  [1m[35mCOMMIT[0m
  ↳ app/models/shortened_url.rb:13
  [1m[36mUser Load (0.5ms)[0m  [1m[34mSELECT  "users".* FROM "users" WHERE "users"."email" = $1 LIMIT $2[0m  [["email", "sa@gmail.com"], ["LIMIT", 1]]
  ↳ bin/cli.rb:6
  [1m[36mShortenedUrl Load (0.7ms)[0m  [1m[34mSELECT  "shortened_urls".* FROM "shortened_urls" WHERE "shortened_urls"."short_url" = $1 LIMIT $2[0m  [["short_url", "uZ27GDJQQHxkCCh3ZLhsaw"], ["LIMIT", 1]]
  ↳ bin/cli.rb:27
  [1m[35m (0.1ms)[0m  [1m[35mBEGIN[0m
  ↳ app/models/visit.rb:14
  [1m[36mShortenedUrl Load (0.3ms)[0m  [1m[34mSELECT  "shortened_urls".* FROM "shortened_urls" WHERE "shortened_urls"."id" = $1 LIMIT $2[0m  [["id", 3], ["LIMIT", 1]]
  ↳ app/models/visit.rb:14
  [1m[36mUser Load (0.2ms)[0m  [1m[34mSELECT  "users".* FROM "users" WHERE "users"."id" = $1 LIMIT $2[0m  [["id", 1], ["LIMIT", 1]]
  ↳ app/models/visit.rb:14
  [1m[36mVisit Create (0.5ms)[0m  [1m[32mINSERT INTO "visits" ("short_url_id", "visitor_id", "created_at", "updated_at") VALUES ($1, $2, $3, $4) RETURNING "id"[0m  [["short_url_id", 3], ["visitor_id", 1], ["created_at", "2021-01-07 20:10:35.660791"], ["updated_at", "2021-01-07 20:10:35.660791"]]
  ↳ app/models/visit.rb:14
  [1m[35m (1.6ms)[0m  [1m[35mCOMMIT[0m
  ↳ app/models/visit.rb:14
  [1m[36mUser Load (0.7ms)[0m  [1m[34mSELECT  "users".* FROM "users" WHERE "users"."email" = $1 LIMIT $2[0m  [["email", "sa@gmail.com"], ["LIMIT", 1]]
  ↳ bin/cli.rb:6
  [1m[36mShortenedUrl Load (9.8ms)[0m  [1m[34mSELECT  "shortened_urls".* FROM "shortened_urls" WHERE "shortened_urls"."short_url" = $1 LIMIT $2[0m  [["short_url", "uZ27GDJQQHxkCCh3ZLhsaw"], ["LIMIT", 1]]
  ↳ bin/cli.rb:27
  [1m[35m (2.5ms)[0m  [1m[35mBEGIN[0m
  ↳ app/models/visit.rb:14
  [1m[36mShortenedUrl Load (0.3ms)[0m  [1m[34mSELECT  "shortened_urls".* FROM "shortened_urls" WHERE "shortened_urls"."id" = $1 LIMIT $2[0m  [["id", 3], ["LIMIT", 1]]
  ↳ app/models/visit.rb:14
  [1m[36mUser Load (0.6ms)[0m  [1m[34mSELECT  "users".* FROM "users" WHERE "users"."id" = $1 LIMIT $2[0m  [["id", 1], ["LIMIT", 1]]
  ↳ app/models/visit.rb:14
  [1m[36mVisit Create (0.8ms)[0m  [1m[32mINSERT INTO "visits" ("short_url_id", "visitor_id", "created_at", "updated_at") VALUES ($1, $2, $3, $4) RETURNING "id"[0m  [["short_url_id", 3], ["visitor_id", 1], ["created_at", "2021-01-07 20:12:54.210128"], ["updated_at", "2021-01-07 20:12:54.210128"]]
  ↳ app/models/visit.rb:14
  [1m[35m (2.1ms)[0m  [1m[35mCOMMIT[0m
  ↳ app/models/visit.rb:14
  [1m[36mVisit Load (0.6ms)[0m  [1m[34mSELECT "visits".* FROM "visits"[0m
  [1m[36mUser Load (0.5ms)[0m  [1m[34mSELECT  "users".* FROM "users" WHERE "users"."email" = $1 LIMIT $2[0m  [["email", "sa@gmailcom"], ["LIMIT", 1]]
  ↳ bin/cli.rb:6
  [1m[36mUser Load (0.4ms)[0m  [1m[34mSELECT  "users".* FROM "users" WHERE "users"."email" = $1 LIMIT $2[0m  [["email", "sa@gmail.com"], ["LIMIT", 1]]
  ↳ bin/cli.rb:6
  [1m[36mShortenedUrl Load (1.0ms)[0m  [1m[34mSELECT  "shortened_urls".* FROM "shortened_urls" WHERE "shortened_urls"."short_url" = $1 LIMIT $2[0m  [["short_url", "uZ27GDJQQHxkCCh3ZLhsaw"], ["LIMIT", 1]]
  ↳ bin/cli.rb:27
  [1m[35m (0.1ms)[0m  [1m[35mBEGIN[0m
  ↳ app/models/visit.rb:14
  [1m[36mShortenedUrl Load (0.3ms)[0m  [1m[34mSELECT  "shortened_urls".* FROM "shortened_urls" WHERE "shortened_urls"."id" = $1 LIMIT $2[0m  [["id", 3], ["LIMIT", 1]]
  ↳ app/models/visit.rb:14
  [1m[36mUser Load (0.3ms)[0m  [1m[34mSELECT  "users".* FROM "users" WHERE "users"."id" = $1 LIMIT $2[0m  [["id", 1], ["LIMIT", 1]]
  ↳ app/models/visit.rb:14
  [1m[36mVisit Create (1.6ms)[0m  [1m[32mINSERT INTO "visits" ("short_url_id", "visitor_id", "created_at", "updated_at") VALUES ($1, $2, $3, $4) RETURNING "id"[0m  [["short_url_id", 3], ["visitor_id", 1], ["created_at", "2021-01-07 21:32:56.163497"], ["updated_at", "2021-01-07 21:32:56.163497"]]
  ↳ app/models/visit.rb:14
  [1m[35m (2.8ms)[0m  [1m[35mCOMMIT[0m
  ↳ app/models/visit.rb:14
  [1m[36mUser Load (0.5ms)[0m  [1m[34mSELECT  "users".* FROM "users" WHERE "users"."email" = $1 LIMIT $2[0m  [["email", "sa@gmail.com"], ["LIMIT", 1]]
  ↳ bin/cli.rb:6
  [1m[36mShortenedUrl Exists (0.7ms)[0m  [1m[34mSELECT  1 AS one FROM "shortened_urls" WHERE "shortened_urls"."short_url" = $1 LIMIT $2[0m  [["short_url", "1e-oGO6vUgK0OY0QuiAW6Q"], ["LIMIT", 1]]
  ↳ app/models/shortened_url.rb:8
  [1m[35m (0.1ms)[0m  [1m[35mBEGIN[0m
  ↳ app/models/shortened_url.rb:13
  [1m[36mShortenedUrl Exists (0.2ms)[0m  [1m[34mSELECT  1 AS one FROM "shortened_urls" WHERE "shortened_urls"."short_url" = $1 LIMIT $2[0m  [["short_url", "1e-oGO6vUgK0OY0QuiAW6Q"], ["LIMIT", 1]]
  ↳ app/models/shortened_url.rb:13
  [1m[36mUser Load (0.4ms)[0m  [1m[34mSELECT  "users".* FROM "users" WHERE "users"."id" = $1 LIMIT $2[0m  [["id", 1], ["LIMIT", 1]]
  ↳ app/models/shortened_url.rb:13
  [1m[36mShortenedUrl Create (0.5ms)[0m  [1m[32mINSERT INTO "shortened_urls" ("long_url", "short_url", "user_id", "created_at", "updated_at") VALUES ($1, $2, $3, $4, $5) RETURNING "id"[0m  [["long_url", "www.google.com"], ["short_url", "1e-oGO6vUgK0OY0QuiAW6Q"], ["user_id", 1], ["created_at", "2021-01-07 21:35:14.692402"], ["updated_at", "2021-01-07 21:35:14.692402"]]
  ↳ app/models/shortened_url.rb:13
  [1m[35m (7.3ms)[0m  [1m[35mCOMMIT[0m
  ↳ app/models/shortened_url.rb:13
  [1m[36mUser Load (0.5ms)[0m  [1m[34mSELECT  "users".* FROM "users" WHERE "users"."email" = $1 LIMIT $2[0m  [["email", "sa@gmail.com"], ["LIMIT", 1]]
  ↳ bin/cli.rb:6
  [1m[36mShortenedUrl Exists (0.9ms)[0m  [1m[34mSELECT  1 AS one FROM "shortened_urls" WHERE "shortened_urls"."short_url" = $1 LIMIT $2[0m  [["short_url", "PC7bDiLbXKP1zCFEOWTAwQ"], ["LIMIT", 1]]
  ↳ app/models/shortened_url.rb:8
  [1m[35m (0.1ms)[0m  [1m[35mBEGIN[0m
  ↳ app/models/shortened_url.rb:13
  [1m[36mShortenedUrl Exists (0.3ms)[0m  [1m[34mSELECT  1 AS one FROM "shortened_urls" WHERE "shortened_urls"."short_url" = $1 LIMIT $2[0m  [["short_url", "PC7bDiLbXKP1zCFEOWTAwQ"], ["LIMIT", 1]]
  ↳ app/models/shortened_url.rb:13
  [1m[36mUser Load (0.2ms)[0m  [1m[34mSELECT  "users".* FROM "users" WHERE "users"."id" = $1 LIMIT $2[0m  [["id", 1], ["LIMIT", 1]]
  ↳ app/models/shortened_url.rb:13
  [1m[36mShortenedUrl Create (0.5ms)[0m  [1m[32mINSERT INTO "shortened_urls" ("long_url", "short_url", "user_id", "created_at", "updated_at") VALUES ($1, $2, $3, $4, $5) RETURNING "id"[0m  [["long_url", "www.google.com"], ["short_url", "PC7bDiLbXKP1zCFEOWTAwQ"], ["user_id", 1], ["created_at", "2021-01-07 21:36:00.789688"], ["updated_at", "2021-01-07 21:36:00.789688"]]
  ↳ app/models/shortened_url.rb:13
  [1m[35m (1.7ms)[0m  [1m[35mCOMMIT[0m
  ↳ app/models/shortened_url.rb:13
  [1m[36mUser Load (0.5ms)[0m  [1m[34mSELECT  "users".* FROM "users" WHERE "users"."email" = $1 LIMIT $2[0m  [["email", "sa@gmail.com"], ["LIMIT", 1]]
  ↳ bin/cli.rb:6
  [1m[36mShortenedUrl Load (0.8ms)[0m  [1m[34mSELECT  "shortened_urls".* FROM "shortened_urls" WHERE "shortened_urls"."short_url" = $1 LIMIT $2[0m  [["short_url", "PC7bDiLbXKP1zCFEOWTAwQ"], ["LIMIT", 1]]
  ↳ bin/cli.rb:27
  [1m[35m (0.1ms)[0m  [1m[35mBEGIN[0m
  ↳ app/models/visit.rb:14
  [1m[36mShortenedUrl Load (0.2ms)[0m  [1m[34mSELECT  "shortened_urls".* FROM "shortened_urls" WHERE "shortened_urls"."id" = $1 LIMIT $2[0m  [["id", 5], ["LIMIT", 1]]
  ↳ app/models/visit.rb:14
  [1m[36mUser Load (0.2ms)[0m  [1m[34mSELECT  "users".* FROM "users" WHERE "users"."id" = $1 LIMIT $2[0m  [["id", 1], ["LIMIT", 1]]
  ↳ app/models/visit.rb:14
  [1m[36mVisit Create (0.8ms)[0m  [1m[32mINSERT INTO "visits" ("short_url_id", "visitor_id", "created_at", "updated_at") VALUES ($1, $2, $3, $4) RETURNING "id"[0m  [["short_url_id", 5], ["visitor_id", 1], ["created_at", "2021-01-07 21:36:16.448032"], ["updated_at", "2021-01-07 21:36:16.448032"]]
  ↳ app/models/visit.rb:14
  [1m[35m (1.7ms)[0m  [1m[35mCOMMIT[0m
  ↳ app/models/visit.rb:14
  [1m[36mUser Load (0.4ms)[0m  [1m[34mSELECT  "users".* FROM "users" WHERE "users"."email" = $1 LIMIT $2[0m  [["email", "sa@gmail.com"], ["LIMIT", 1]]
  ↳ bin/cli.rb:6
  [1m[36mShortenedUrl Load (3.8ms)[0m  [1m[34mSELECT  "shortened_urls".* FROM "shortened_urls" WHERE "shortened_urls"."short_url" = $1 LIMIT $2[0m  [["short_url", "PC7bDiLbXKP1zCFEOWTAwQ"], ["LIMIT", 1]]
  ↳ bin/cli.rb:27
  [1m[35m (0.2ms)[0m  [1m[35mBEGIN[0m
  ↳ app/models/visit.rb:14
  [1m[36mShortenedUrl Load (0.3ms)[0m  [1m[34mSELECT  "shortened_urls".* FROM "shortened_urls" WHERE "shortened_urls"."id" = $1 LIMIT $2[0m  [["id", 5], ["LIMIT", 1]]
  ↳ app/models/visit.rb:14
  [1m[36mUser Load (0.2ms)[0m  [1m[34mSELECT  "users".* FROM "users" WHERE "users"."id" = $1 LIMIT $2[0m  [["id", 1], ["LIMIT", 1]]
  ↳ app/models/visit.rb:14
  [1m[36mVisit Create (0.5ms)[0m  [1m[32mINSERT INTO "visits" ("short_url_id", "visitor_id", "created_at", "updated_at") VALUES ($1, $2, $3, $4) RETURNING "id"[0m  [["short_url_id", 5], ["visitor_id", 1], ["created_at", "2021-01-07 21:36:54.066986"], ["updated_at", "2021-01-07 21:36:54.066986"]]
  ↳ app/models/visit.rb:14
  [1m[35m (1.7ms)[0m  [1m[35mCOMMIT[0m
  ↳ app/models/visit.rb:14
  [1m[36mUser Load (0.5ms)[0m  [1m[34mSELECT  "users".* FROM "users" WHERE "users"."email" = $1 LIMIT $2[0m  [["email", "sa@gmail.com"], ["LIMIT", 1]]
  ↳ bin/cli.rb:6
  [1m[36mShortenedUrl Exists (5.9ms)[0m  [1m[34mSELECT  1 AS one FROM "shortened_urls" WHERE "shortened_urls"."short_url" = $1 LIMIT $2[0m  [["short_url", "POZ1kDN6BTgKo21-53oiaw"], ["LIMIT", 1]]
  ↳ app/models/shortened_url.rb:8
  [1m[35m (0.1ms)[0m  [1m[35mBEGIN[0m
  ↳ app/models/shortened_url.rb:13
  [1m[36mShortenedUrl Exists (0.3ms)[0m  [1m[34mSELECT  1 AS one FROM "shortened_urls" WHERE "shortened_urls"."short_url" = $1 LIMIT $2[0m  [["short_url", "POZ1kDN6BTgKo21-53oiaw"], ["LIMIT", 1]]
  ↳ app/models/shortened_url.rb:13
  [1m[36mUser Load (0.3ms)[0m  [1m[34mSELECT  "users".* FROM "users" WHERE "users"."id" = $1 LIMIT $2[0m  [["id", 1], ["LIMIT", 1]]
  ↳ app/models/shortened_url.rb:13
  [1m[36mShortenedUrl Create (0.5ms)[0m  [1m[32mINSERT INTO "shortened_urls" ("long_url", "short_url", "user_id", "created_at", "updated_at") VALUES ($1, $2, $3, $4, $5) RETURNING "id"[0m  [["long_url", "www.google.com"], ["short_url", "POZ1kDN6BTgKo21-53oiaw"], ["user_id", 1], ["created_at", "2021-01-07 22:16:39.449537"], ["updated_at", "2021-01-07 22:16:39.449537"]]
  ↳ app/models/shortened_url.rb:13
  [1m[35m (1.1ms)[0m  [1m[35mCOMMIT[0m
  ↳ app/models/shortened_url.rb:13
  [1m[36mUser Load (0.5ms)[0m  [1m[34mSELECT  "users".* FROM "users" WHERE "users"."email" = $1 LIMIT $2[0m  [["email", "sa@gmail.com"], ["LIMIT", 1]]
  ↳ bin/cli.rb:6
  [1m[36mShortenedUrl Load (0.7ms)[0m  [1m[34mSELECT  "shortened_urls".* FROM "shortened_urls" WHERE "shortened_urls"."short_url" = $1 LIMIT $2[0m  [["short_url", "POZ1kDN6BTgKo21-53oiaw"], ["LIMIT", 1]]
  ↳ bin/cli.rb:27
  [1m[35m (0.1ms)[0m  [1m[35mBEGIN[0m
  ↳ app/models/visit.rb:14
  [1m[36mShortenedUrl Load (0.4ms)[0m  [1m[34mSELECT  "shortened_urls".* FROM "shortened_urls" WHERE "shortened_urls"."id" = $1 LIMIT $2[0m  [["id", 6], ["LIMIT", 1]]
  ↳ app/models/visit.rb:14
  [1m[36mUser Load (0.2ms)[0m  [1m[34mSELECT  "users".* FROM "users" WHERE "users"."id" = $1 LIMIT $2[0m  [["id", 1], ["LIMIT", 1]]
  ↳ app/models/visit.rb:14
  [1m[36mVisit Create (1.1ms)[0m  [1m[32mINSERT INTO "visits" ("short_url_id", "visitor_id", "created_at", "updated_at") VALUES ($1, $2, $3, $4) RETURNING "id"[0m  [["short_url_id", 6], ["visitor_id", 1], ["created_at", "2021-01-07 22:16:56.137242"], ["updated_at", "2021-01-07 22:16:56.137242"]]
  ↳ app/models/visit.rb:14
  [1m[35m (0.6ms)[0m  [1m[35mCOMMIT[0m
  ↳ app/models/visit.rb:14
  [1m[35m (0.2ms)[0m  [1m[34mSELECT pg_try_advisory_lock(4762635147840476445)[0m
  ↳ bin/rails:9
  [1m[35m (1.6ms)[0m  [1m[34mSELECT "schema_migrations"."version" FROM "schema_migrations" ORDER BY "schema_migrations"."version" ASC[0m
  ↳ bin/rails:9
Migrating to CreateTaggingsandTagTopics (20210107223330)
  [1m[35m (0.2ms)[0m  [1m[35mBEGIN[0m
  ↳ bin/rails:9
  [1m[35m (14.1ms)[0m  [1m[35mCREATE TABLE "taggingsand_tag_topics" ("id" bigserial primary key, "name" character varying, "created_at" timestamp NOT NULL, "updated_at" timestamp NOT NULL)[0m
  ↳ db/migrate/20210107223330_create_taggingsand_tag_topics.rb:3
  [1m[35m (6.8ms)[0m  [1m[35mALTER TABLE "taggingsand_tag_topics" RENAME TO "tag_topics"[0m
  ↳ db/migrate/20210107223330_create_taggingsand_tag_topics.rb:9
  [1m[35m (0.3ms)[0m  [1m[35mALTER INDEX "taggingsand_tag_topics_pkey" RENAME TO "tag_topics_pkey"[0m
  ↳ db/migrate/20210107223330_create_taggingsand_tag_topics.rb:9
  [1m[35m (0.3ms)[0m  [1m[35mALTER TABLE "public"."taggingsand_tag_topics_id_seq" RENAME TO "tag_topics_id_seq"[0m
  ↳ db/migrate/20210107223330_create_taggingsand_tag_topics.rb:9
  [1m[36mActiveRecord::SchemaMigration Create (0.4ms)[0m  [1m[32mINSERT INTO "schema_migrations" ("version") VALUES ($1) RETURNING "version"[0m  [["version", "20210107223330"]]
  ↳ bin/rails:9
  [1m[35m (0.6ms)[0m  [1m[35mCOMMIT[0m
  ↳ bin/rails:9
Migrating to CreateTaggings (20210107223943)
  [1m[35m (0.1ms)[0m  [1m[35mBEGIN[0m
  ↳ bin/rails:9
  [1m[35m (0.1ms)[0m  [1m[31mROLLBACK[0m
  ↳ bin/rails:9
  [1m[35m (0.2ms)[0m  [1m[34mSELECT pg_advisory_unlock(4762635147840476445)[0m
  ↳ bin/rails:9
  [1m[35m (0.2ms)[0m  [1m[34mSELECT pg_try_advisory_lock(4762635147840476445)[0m
  ↳ bin/rails:9
  [1m[35m (1.0ms)[0m  [1m[34mSELECT "schema_migrations"."version" FROM "schema_migrations" ORDER BY "schema_migrations"."version" ASC[0m
  ↳ bin/rails:9
Migrating to CreateTaggings (20210107223943)
  [1m[35m (0.1ms)[0m  [1m[35mBEGIN[0m
  ↳ bin/rails:9
  [1m[35m (4.7ms)[0m  [1m[35mCREATE TABLE "taggings" ("id" bigserial primary key, "tag_topic_id" integer, "shortened_url_id" integer, "created_at" timestamp NOT NULL, "updated_at" timestamp NOT NULL)[0m
  ↳ db/migrate/20210107223943_create_taggings.rb:3
  [1m[35m (1.3ms)[0m  [1m[35mCREATE  INDEX  "index_taggings_on_tag_topic_id" ON "taggings"  ("tag_topic_id")[0m
  ↳ db/migrate/20210107223943_create_taggings.rb:9
  [1m[35m (1.2ms)[0m  [1m[35mCREATE UNIQUE INDEX  "index_taggings_on_shortened_url_id" ON "taggings"  ("shortened_url_id")[0m
  ↳ db/migrate/20210107223943_create_taggings.rb:10
  [1m[36mActiveRecord::SchemaMigration Create (0.4ms)[0m  [1m[32mINSERT INTO "schema_migrations" ("version") VALUES ($1) RETURNING "version"[0m  [["version", "20210107223943"]]
  ↳ bin/rails:9
  [1m[35m (0.6ms)[0m  [1m[35mCOMMIT[0m
  ↳ bin/rails:9
  [1m[36mActiveRecord::InternalMetadata Load (0.4ms)[0m  [1m[34mSELECT  "ar_internal_metadata".* FROM "ar_internal_metadata" WHERE "ar_internal_metadata"."key" = $1 LIMIT $2[0m  [["key", "environment"], ["LIMIT", 1]]
  ↳ bin/rails:9
  [1m[35m (0.1ms)[0m  [1m[35mBEGIN[0m
  ↳ bin/rails:9
  [1m[35m (0.1ms)[0m  [1m[35mCOMMIT[0m
  ↳ bin/rails:9
  [1m[35m (0.3ms)[0m  [1m[34mSELECT pg_advisory_unlock(4762635147840476445)[0m
  ↳ bin/rails:9
  [1m[35m (0.3ms)[0m  [1m[34mSELECT "schema_migrations"."version" FROM "schema_migrations" ORDER BY "schema_migrations"."version" ASC[0m
  ↳ bin/rails:9
  [1m[35m (0.2ms)[0m  [1m[34mSELECT pg_try_advisory_lock(4762635147840476445)[0m
  ↳ bin/rails:9
  [1m[35m (1.0ms)[0m  [1m[34mSELECT "schema_migrations"."version" FROM "schema_migrations" ORDER BY "schema_migrations"."version" ASC[0m
  ↳ bin/rails:9
Migrating to RenameColumnInVisits (20210108162745)
  [1m[35m (2.3ms)[0m  [1m[35mBEGIN[0m
  ↳ bin/rails:9
  [1m[35m (1.2ms)[0m  [1m[35mALTER TABLE "visits" RENAME COLUMN "visitor_id" TO "user_id"[0m
  ↳ db/migrate/20210108162745_rename_column_in_visits.rb:3
  [1m[35m (0.6ms)[0m  [1m[35mALTER INDEX "index_visits_on_visitor_id" RENAME TO "index_visits_on_user_id"[0m
  ↳ db/migrate/20210108162745_rename_column_in_visits.rb:3
  [1m[36mActiveRecord::SchemaMigration Create (0.4ms)[0m  [1m[32mINSERT INTO "schema_migrations" ("version") VALUES ($1) RETURNING "version"[0m  [["version", "20210108162745"]]
  ↳ bin/rails:9
  [1m[35m (28.2ms)[0m  [1m[35mCOMMIT[0m
  ↳ bin/rails:9
  [1m[36mActiveRecord::InternalMetadata Load (0.4ms)[0m  [1m[34mSELECT  "ar_internal_metadata".* FROM "ar_internal_metadata" WHERE "ar_internal_metadata"."key" = $1 LIMIT $2[0m  [["key", "environment"], ["LIMIT", 1]]
  ↳ bin/rails:9
  [1m[35m (0.1ms)[0m  [1m[35mBEGIN[0m
  ↳ bin/rails:9
  [1m[35m (0.1ms)[0m  [1m[35mCOMMIT[0m
  ↳ bin/rails:9
  [1m[35m (0.2ms)[0m  [1m[34mSELECT pg_advisory_unlock(4762635147840476445)[0m
  ↳ bin/rails:9
  [1m[35m (0.2ms)[0m  [1m[34mSELECT "schema_migrations"."version" FROM "schema_migrations" ORDER BY "schema_migrations"."version" ASC[0m
  ↳ bin/rails:9
  [1m[36mTagTopic Load (1.1ms)[0m  [1m[34mSELECT "tag_topics".* FROM "tag_topics"[0m
  [1m[35m (0.2ms)[0m  [1m[35mBEGIN[0m
  [1m[36mTagTopic Create (0.7ms)[0m  [1m[32mINSERT INTO "tag_topics" ("name", "created_at", "updated_at") VALUES ($1, $2, $3) RETURNING "id"[0m  [["name", "food"], ["created_at", "2021-01-08 16:36:25.757291"], ["updated_at", "2021-01-08 16:36:25.757291"]]
  [1m[35m (1.3ms)[0m  [1m[35mCOMMIT[0m
  [1m[36mTagTopic Load (0.8ms)[0m  [1m[34mSELECT  "tag_topics".* FROM "tag_topics" WHERE "tag_topics"."id" = $1 LIMIT $2[0m  [["id", 1], ["LIMIT", 1]]
DEPRECATION WARNING: Dangerous query method (method whose arguments are used as raw SQL) called with non-attribute argument(s): "COUNT(visits.id) DESC". Non-attribute arguments will be disallowed in Rails 6.0. This method should not be called with user-provided values, such as request parameters or model attributes. Known-safe values can be passed by wrapping them in Arel.sql(). (called from popular_links at /Users/sandytrinh/Google Drive/@Code/AppAcademyBootcamp/sql/active_record_i/url_shortener/URLShortener/app/models/tag_topic.rb:13)
  [1m[36mShortenedUrl Load (5.6ms)[0m  [1m[34mSELECT  long_url, short_url, COUNT(visits.id) as number_of_visits FROM "shortened_urls" INNER JOIN "visits" ON "visits"."short_url_id" = "shortened_urls"."id" INNER JOIN "taggings" ON "shortened_urls"."id" = "taggings"."shortened_url_id" WHERE "taggings"."tag_topic_id" = $1 GROUP BY "shortened_urls"."short_url", "shortened_urls"."long_url" ORDER BY COUNT(visits.id) DESC LIMIT $2[0m  [["tag_topic_id", 1], ["LIMIT", 5]]
  [1m[35m (0.2ms)[0m  [1m[34mSELECT pg_try_advisory_lock(4762635147840476445)[0m
  ↳ bin/rails:9
  [1m[35m (0.8ms)[0m  [1m[34mSELECT "schema_migrations"."version" FROM "schema_migrations" ORDER BY "schema_migrations"."version" ASC[0m
  ↳ bin/rails:9
Migrating to AddUserColumn (20210108165643)
  [1m[35m (0.1ms)[0m  [1m[35mBEGIN[0m
  ↳ bin/rails:9
  [1m[35m (2.5ms)[0m  [1m[35mALTER TABLE "users" ADD "premium" boolean[0m
  ↳ db/migrate/20210108165643_add_user_column.rb:3
  [1m[36mActiveRecord::SchemaMigration Create (0.4ms)[0m  [1m[32mINSERT INTO "schema_migrations" ("version") VALUES ($1) RETURNING "version"[0m  [["version", "20210108165643"]]
  ↳ bin/rails:9
  [1m[35m (0.6ms)[0m  [1m[35mCOMMIT[0m
  ↳ bin/rails:9
  [1m[36mActiveRecord::InternalMetadata Load (0.4ms)[0m  [1m[34mSELECT  "ar_internal_metadata".* FROM "ar_internal_metadata" WHERE "ar_internal_metadata"."key" = $1 LIMIT $2[0m  [["key", "environment"], ["LIMIT", 1]]
  ↳ bin/rails:9
  [1m[35m (0.1ms)[0m  [1m[35mBEGIN[0m
  ↳ bin/rails:9
  [1m[35m (0.1ms)[0m  [1m[35mCOMMIT[0m
  ↳ bin/rails:9
  [1m[35m (0.2ms)[0m  [1m[34mSELECT pg_advisory_unlock(4762635147840476445)[0m
  ↳ bin/rails:9
  [1m[35m (0.2ms)[0m  [1m[34mSELECT "schema_migrations"."version" FROM "schema_migrations" ORDER BY "schema_migrations"."version" ASC[0m
  ↳ bin/rails:9
  [1m[35m (0.2ms)[0m  [1m[34mSELECT pg_try_advisory_lock(4762635147840476445)[0m
  ↳ bin/rails:9
  [1m[35m (0.8ms)[0m  [1m[34mSELECT "schema_migrations"."version" FROM "schema_migrations" ORDER BY "schema_migrations"."version" ASC[0m
  ↳ bin/rails:9
Migrating to ChangeUserColumn (20210108170117)
  [1m[35m (0.1ms)[0m  [1m[35mBEGIN[0m
  ↳ bin/rails:9
  [1m[35m (2.5ms)[0m  [1m[35mALTER TABLE "users" ALTER COLUMN "premium" TYPE boolean, ALTER COLUMN "premium" SET DEFAULT FALSE[0m
  ↳ db/migrate/20210108170117_change_user_column.rb:3
  [1m[36mActiveRecord::SchemaMigration Create (0.4ms)[0m  [1m[32mINSERT INTO "schema_migrations" ("version") VALUES ($1) RETURNING "version"[0m  [["version", "20210108170117"]]
  ↳ bin/rails:9
  [1m[35m (0.5ms)[0m  [1m[35mCOMMIT[0m
  ↳ bin/rails:9
  [1m[36mActiveRecord::InternalMetadata Load (0.4ms)[0m  [1m[34mSELECT  "ar_internal_metadata".* FROM "ar_internal_metadata" WHERE "ar_internal_metadata"."key" = $1 LIMIT $2[0m  [["key", "environment"], ["LIMIT", 1]]
  ↳ bin/rails:9
  [1m[35m (0.1ms)[0m  [1m[35mBEGIN[0m
  ↳ bin/rails:9
  [1m[35m (0.1ms)[0m  [1m[35mCOMMIT[0m
  ↳ bin/rails:9
  [1m[35m (0.2ms)[0m  [1m[34mSELECT pg_advisory_unlock(4762635147840476445)[0m
  ↳ bin/rails:9
  [1m[35m (0.2ms)[0m  [1m[34mSELECT "schema_migrations"."version" FROM "schema_migrations" ORDER BY "schema_migrations"."version" ASC[0m
  ↳ bin/rails:9
  [1m[36mUser Load (2.0ms)[0m  [1m[34mSELECT  "users".* FROM "users" WHERE "users"."id" = $1 LIMIT $2[0m  [["id", 1], ["LIMIT", 1]]
  [1m[36mShortenedUrl Exists (1.2ms)[0m  [1m[34mSELECT  1 AS one FROM "shortened_urls" WHERE "shortened_urls"."short_url" = $1 LIMIT $2[0m  [["short_url", "eH19aDgyFBOkvqQE_aRGMQ"], ["LIMIT", 1]]
  [1m[35m (3.5ms)[0m  [1m[35mBEGIN[0m
  [1m[36mShortenedUrl Exists (0.7ms)[0m  [1m[34mSELECT  1 AS one FROM "shortened_urls" WHERE "shortened_urls"."short_url" = $1 LIMIT $2[0m  [["short_url", "eH19aDgyFBOkvqQE_aRGMQ"], ["LIMIT", 1]]
  [1m[36mShortenedUrl Load (2.3ms)[0m  [1m[34mSELECT "shortened_urls".* FROM "shortened_urls" WHERE (created_at < '2021-01-08 17:05:24.393089') AND "shortened_urls"."user_id" = $1[0m  [["user_id", 1]]
  [1m[36mUser Load (2.9ms)[0m  [1m[34mSELECT  "users".* FROM "users" WHERE "users"."id" = $1 LIMIT $2[0m  [["id", 1], ["LIMIT", 1]]
  [1m[36mShortenedUrl Load (7.2ms)[0m  [1m[34mSELECT "shortened_urls".* FROM "shortened_urls" WHERE "shortened_urls"."user_id" = $1[0m  [["user_id", 1]]
  [1m[36mUser Load (5.5ms)[0m  [1m[34mSELECT  "users".* FROM "users" WHERE "users"."id" = $1 LIMIT $2[0m  [["id", 1], ["LIMIT", 1]]
  [1m[35m (0.6ms)[0m  [1m[31mROLLBACK[0m
  [1m[35m (2.7ms)[0m  [1m[35mBEGIN[0m
  [1m[36mUser Exists (0.8ms)[0m  [1m[34mSELECT  1 AS one FROM "users" WHERE "users"."email" = $1 LIMIT $2[0m  [["email", "st@gmail.com"], ["LIMIT", 1]]
  [1m[36mUser Create (2.5ms)[0m  [1m[32mINSERT INTO "users" ("email", "created_at", "updated_at") VALUES ($1, $2, $3) RETURNING "id"[0m  [["email", "st@gmail.com"], ["created_at", "2021-01-08 17:08:22.254332"], ["updated_at", "2021-01-08 17:08:22.254332"]]
  [1m[35m (2.3ms)[0m  [1m[35mCOMMIT[0m
  [1m[36mUser Load (0.9ms)[0m  [1m[34mSELECT  "users".* FROM "users" WHERE "users"."id" = $1 LIMIT $2[0m  [["id", 2], ["LIMIT", 1]]
  [1m[36mShortenedUrl Exists (0.6ms)[0m  [1m[34mSELECT  1 AS one FROM "shortened_urls" WHERE "shortened_urls"."short_url" = $1 LIMIT $2[0m  [["short_url", "dPst5HavIWR2ABERBPoS0Q"], ["LIMIT", 1]]
  [1m[35m (0.1ms)[0m  [1m[35mBEGIN[0m
  [1m[36mShortenedUrl Exists (0.2ms)[0m  [1m[34mSELECT  1 AS one FROM "shortened_urls" WHERE "shortened_urls"."short_url" = $1 LIMIT $2[0m  [["short_url", "dPst5HavIWR2ABERBPoS0Q"], ["LIMIT", 1]]
  [1m[36mShortenedUrl Load (0.3ms)[0m  [1m[34mSELECT "shortened_urls".* FROM "shortened_urls" WHERE (created_at < '2021-01-08 17:08:36.613124') AND "shortened_urls"."user_id" = $1[0m  [["user_id", 2]]
  [1m[36mUser Load (0.2ms)[0m  [1m[34mSELECT  "users".* FROM "users" WHERE "users"."id" = $1 LIMIT $2[0m  [["id", 2], ["LIMIT", 1]]
  [1m[36mShortenedUrl Load (0.2ms)[0m  [1m[34mSELECT "shortened_urls".* FROM "shortened_urls" WHERE "shortened_urls"."user_id" = $1[0m  [["user_id", 2]]
  [1m[36mUser Load (1.3ms)[0m  [1m[34mSELECT  "users".* FROM "users" WHERE "users"."id" = $1 LIMIT $2[0m  [["id", 2], ["LIMIT", 1]]
  [1m[36mShortenedUrl Create (0.6ms)[0m  [1m[32mINSERT INTO "shortened_urls" ("long_url", "short_url", "user_id", "created_at", "updated_at") VALUES ($1, $2, $3, $4, $5) RETURNING "id"[0m  [["long_url", "www.google.com"], ["short_url", "dPst5HavIWR2ABERBPoS0Q"], ["user_id", 2], ["created_at", "2021-01-08 17:09:36.620460"], ["updated_at", "2021-01-08 17:09:36.620460"]]
  [1m[35m (1.0ms)[0m  [1m[35mCOMMIT[0m
  [1m[36mUser Load (2.1ms)[0m  [1m[34mSELECT  "users".* FROM "users" WHERE "users"."id" = $1 LIMIT $2[0m  [["id", 2], ["LIMIT", 1]]
  [1m[36mShortenedUrl Exists (0.9ms)[0m  [1m[34mSELECT  1 AS one FROM "shortened_urls" WHERE "shortened_urls"."short_url" = $1 LIMIT $2[0m  [["short_url", "lQmKsvaPogqtIcwZwYgR_A"], ["LIMIT", 1]]
  [1m[35m (0.8ms)[0m  [1m[35mBEGIN[0m
  [1m[36mShortenedUrl Exists (0.8ms)[0m  [1m[34mSELECT  1 AS one FROM "shortened_urls" WHERE "shortened_urls"."short_url" = $1 LIMIT $2[0m  [["short_url", "lQmKsvaPogqtIcwZwYgR_A"], ["LIMIT", 1]]
  [1m[36mShortenedUrl Load (1.0ms)[0m  [1m[34mSELECT "shortened_urls".* FROM "shortened_urls" WHERE (created_at < '2021-01-08 17:08:41.159186') AND "shortened_urls"."user_id" = $1[0m  [["user_id", 2]]
  [1m[36mUser Load (1.3ms)[0m  [1m[34mSELECT  "users".* FROM "users" WHERE "users"."id" = $1 LIMIT $2[0m  [["id", 2], ["LIMIT", 1]]
  [1m[36mShortenedUrl Load (4.0ms)[0m  [1m[34mSELECT "shortened_urls".* FROM "shortened_urls" WHERE "shortened_urls"."user_id" = $1[0m  [["user_id", 2]]
  [1m[36mUser Load (0.9ms)[0m  [1m[34mSELECT  "users".* FROM "users" WHERE "users"."id" = $1 LIMIT $2[0m  [["id", 2], ["LIMIT", 1]]
  [1m[36mShortenedUrl Create (2.5ms)[0m  [1m[32mINSERT INTO "shortened_urls" ("long_url", "short_url", "user_id", "created_at", "updated_at") VALUES ($1, $2, $3, $4, $5) RETURNING "id"[0m  [["long_url", "www.google.com"], ["short_url", "lQmKsvaPogqtIcwZwYgR_A"], ["user_id", 2], ["created_at", "2021-01-08 17:09:41.169806"], ["updated_at", "2021-01-08 17:09:41.169806"]]
  [1m[35m (2.2ms)[0m  [1m[35mCOMMIT[0m
  [1m[36mUser Load (1.0ms)[0m  [1m[34mSELECT  "users".* FROM "users" WHERE "users"."id" = $1 LIMIT $2[0m  [["id", 2], ["LIMIT", 1]]
  [1m[36mShortenedUrl Exists (1.6ms)[0m  [1m[34mSELECT  1 AS one FROM "shortened_urls" WHERE "shortened_urls"."short_url" = $1 LIMIT $2[0m  [["short_url", "dqs8_7EOURiUmh3tSgctJw"], ["LIMIT", 1]]
  [1m[35m (0.1ms)[0m  [1m[35mBEGIN[0m
  [1m[36mShortenedUrl Exists (0.2ms)[0m  [1m[34mSELECT  1 AS one FROM "shortened_urls" WHERE "shortened_urls"."short_url" = $1 LIMIT $2[0m  [["short_url", "dqs8_7EOURiUmh3tSgctJw"], ["LIMIT", 1]]
  [1m[36mShortenedUrl Load (0.3ms)[0m  [1m[34mSELECT "shortened_urls".* FROM "shortened_urls" WHERE (created_at < '2021-01-08 17:08:41.894238') AND "shortened_urls"."user_id" = $1[0m  [["user_id", 2]]
  [1m[36mUser Load (0.2ms)[0m  [1m[34mSELECT  "users".* FROM "users" WHERE "users"."id" = $1 LIMIT $2[0m  [["id", 2], ["LIMIT", 1]]
  [1m[36mShortenedUrl Load (0.3ms)[0m  [1m[34mSELECT "shortened_urls".* FROM "shortened_urls" WHERE "shortened_urls"."user_id" = $1[0m  [["user_id", 2]]
  [1m[36mUser Load (0.3ms)[0m  [1m[34mSELECT  "users".* FROM "users" WHERE "users"."id" = $1 LIMIT $2[0m  [["id", 2], ["LIMIT", 1]]
  [1m[36mShortenedUrl Create (0.5ms)[0m  [1m[32mINSERT INTO "shortened_urls" ("long_url", "short_url", "user_id", "created_at", "updated_at") VALUES ($1, $2, $3, $4, $5) RETURNING "id"[0m  [["long_url", "www.google.com"], ["short_url", "dqs8_7EOURiUmh3tSgctJw"], ["user_id", 2], ["created_at", "2021-01-08 17:09:41.899644"], ["updated_at", "2021-01-08 17:09:41.899644"]]
  [1m[35m (2.1ms)[0m  [1m[35mCOMMIT[0m
  [1m[36mUser Load (2.2ms)[0m  [1m[34mSELECT  "users".* FROM "users" WHERE "users"."id" = $1 LIMIT $2[0m  [["id", 2], ["LIMIT", 1]]
  [1m[36mShortenedUrl Exists (0.4ms)[0m  [1m[34mSELECT  1 AS one FROM "shortened_urls" WHERE "shortened_urls"."short_url" = $1 LIMIT $2[0m  [["short_url", "jRBfotPeW3P3kP44b4PL4Q"], ["LIMIT", 1]]
  [1m[35m (2.2ms)[0m  [1m[35mBEGIN[0m
  [1m[36mShortenedUrl Exists (0.6ms)[0m  [1m[34mSELECT  1 AS one FROM "shortened_urls" WHERE "shortened_urls"."short_url" = $1 LIMIT $2[0m  [["short_url", "jRBfotPeW3P3kP44b4PL4Q"], ["LIMIT", 1]]
  [1m[36mShortenedUrl Load (0.5ms)[0m  [1m[34mSELECT "shortened_urls".* FROM "shortened_urls" WHERE (created_at < '2021-01-08 17:08:42.497619') AND "shortened_urls"."user_id" = $1[0m  [["user_id", 2]]
  [1m[36mUser Load (0.1ms)[0m  [1m[34mSELECT  "users".* FROM "users" WHERE "users"."id" = $1 LIMIT $2[0m  [["id", 2], ["LIMIT", 1]]
  [1m[36mShortenedUrl Load (0.3ms)[0m  [1m[34mSELECT "shortened_urls".* FROM "shortened_urls" WHERE "shortened_urls"."user_id" = $1[0m  [["user_id", 2]]
  [1m[36mUser Load (0.6ms)[0m  [1m[34mSELECT  "users".* FROM "users" WHERE "users"."id" = $1 LIMIT $2[0m  [["id", 2], ["LIMIT", 1]]
  [1m[36mShortenedUrl Create (0.9ms)[0m  [1m[32mINSERT INTO "shortened_urls" ("long_url", "short_url", "user_id", "created_at", "updated_at") VALUES ($1, $2, $3, $4, $5) RETURNING "id"[0m  [["long_url", "www.google.com"], ["short_url", "jRBfotPeW3P3kP44b4PL4Q"], ["user_id", 2], ["created_at", "2021-01-08 17:09:42.503819"], ["updated_at", "2021-01-08 17:09:42.503819"]]
  [1m[35m (1.7ms)[0m  [1m[35mCOMMIT[0m
  [1m[36mUser Load (0.2ms)[0m  [1m[34mSELECT  "users".* FROM "users" WHERE "users"."id" = $1 LIMIT $2[0m  [["id", 2], ["LIMIT", 1]]
  [1m[36mShortenedUrl Exists (2.1ms)[0m  [1m[34mSELECT  1 AS one FROM "shortened_urls" WHERE "shortened_urls"."short_url" = $1 LIMIT $2[0m  [["short_url", "qnPm2I9RVGlumw0nP-xrfA"], ["LIMIT", 1]]
  [1m[35m (8.8ms)[0m  [1m[35mBEGIN[0m
  [1m[36mShortenedUrl Exists (17.6ms)[0m  [1m[34mSELECT  1 AS one FROM "shortened_urls" WHERE "shortened_urls"."short_url" = $1 LIMIT $2[0m  [["short_url", "qnPm2I9RVGlumw0nP-xrfA"], ["LIMIT", 1]]
  [1m[36mShortenedUrl Load (0.6ms)[0m  [1m[34mSELECT "shortened_urls".* FROM "shortened_urls" WHERE (created_at < '2021-01-08 17:08:43.089283') AND "shortened_urls"."user_id" = $1[0m  [["user_id", 2]]
  [1m[36mUser Load (10.2ms)[0m  [1m[34mSELECT  "users".* FROM "users" WHERE "users"."id" = $1 LIMIT $2[0m  [["id", 2], ["LIMIT", 1]]
  [1m[36mShortenedUrl Load (19.8ms)[0m  [1m[34mSELECT "shortened_urls".* FROM "shortened_urls" WHERE "shortened_urls"."user_id" = $1[0m  [["user_id", 2]]
  [1m[36mUser Load (9.7ms)[0m  [1m[34mSELECT  "users".* FROM "users" WHERE "users"."id" = $1 LIMIT $2[0m  [["id", 2], ["LIMIT", 1]]
  [1m[36mShortenedUrl Create (10.4ms)[0m  [1m[32mINSERT INTO "shortened_urls" ("long_url", "short_url", "user_id", "created_at", "updated_at") VALUES ($1, $2, $3, $4, $5) RETURNING "id"[0m  [["long_url", "www.google.com"], ["short_url", "qnPm2I9RVGlumw0nP-xrfA"], ["user_id", 2], ["created_at", "2021-01-08 17:09:43.134033"], ["updated_at", "2021-01-08 17:09:43.134033"]]
  [1m[35m (6.0ms)[0m  [1m[35mCOMMIT[0m
  [1m[36mUser Load (3.3ms)[0m  [1m[34mSELECT  "users".* FROM "users" WHERE "users"."id" = $1 LIMIT $2[0m  [["id", 2], ["LIMIT", 1]]
  [1m[36mShortenedUrl Exists (1.0ms)[0m  [1m[34mSELECT  1 AS one FROM "shortened_urls" WHERE "shortened_urls"."short_url" = $1 LIMIT $2[0m  [["short_url", "CN3I0aZvqVrgQIVy_8mDFQ"], ["LIMIT", 1]]
  [1m[35m (3.1ms)[0m  [1m[35mBEGIN[0m
  [1m[36mShortenedUrl Exists (7.5ms)[0m  [1m[34mSELECT  1 AS one FROM "shortened_urls" WHERE "shortened_urls"."short_url" = $1 LIMIT $2[0m  [["short_url", "CN3I0aZvqVrgQIVy_8mDFQ"], ["LIMIT", 1]]
  [1m[36mShortenedUrl Load (0.9ms)[0m  [1m[34mSELECT "shortened_urls".* FROM "shortened_urls" WHERE (created_at < '2021-01-08 17:08:46.658326') AND "shortened_urls"."user_id" = $1[0m  [["user_id", 2]]
  [1m[36mUser Load (0.7ms)[0m  [1m[34mSELECT  "users".* FROM "users" WHERE "users"."id" = $1 LIMIT $2[0m  [["id", 2], ["LIMIT", 1]]
  [1m[36mShortenedUrl Load (1.6ms)[0m  [1m[34mSELECT "shortened_urls".* FROM "shortened_urls" WHERE "shortened_urls"."user_id" = $1[0m  [["user_id", 2]]
  [1m[36mUser Load (1.9ms)[0m  [1m[34mSELECT  "users".* FROM "users" WHERE "users"."id" = $1 LIMIT $2[0m  [["id", 2], ["LIMIT", 1]]
  [1m[35m (1.3ms)[0m  [1m[31mROLLBACK[0m
  [1m[35m (4.8ms)[0m  [1m[35mBEGIN[0m
  [1m[36mUser Exists (2.3ms)[0m  [1m[34mSELECT  1 AS one FROM "users" WHERE "users"."email" = $1 LIMIT $2[0m  [["email", "jefferson@cats.com"], ["LIMIT", 1]]
  [1m[36mUser Create (3.4ms)[0m  [1m[32mINSERT INTO "users" ("email", "created_at", "updated_at", "premium") VALUES ($1, $2, $3, $4) RETURNING "id"[0m  [["email", "jefferson@cats.com"], ["created_at", "2021-01-08 17:21:12.153209"], ["updated_at", "2021-01-08 17:21:12.153209"], ["premium", true]]
  [1m[35m (3.1ms)[0m  [1m[35mCOMMIT[0m
  [1m[35m (2.5ms)[0m  [1m[35mBEGIN[0m
  [1m[36mUser Exists (3.7ms)[0m  [1m[34mSELECT  1 AS one FROM "users" WHERE "users"."email" = $1 LIMIT $2[0m  [["email", "muenster@cats.com"], ["LIMIT", 1]]
  [1m[36mUser Create (2.4ms)[0m  [1m[32mINSERT INTO "users" ("email", "created_at", "updated_at") VALUES ($1, $2, $3) RETURNING "id"[0m  [["email", "muenster@cats.com"], ["created_at", "2021-01-08 17:21:12.185123"], ["updated_at", "2021-01-08 17:21:12.185123"]]
  [1m[35m (1.5ms)[0m  [1m[35mCOMMIT[0m
  [1m[36mShortenedUrl Load (4.4ms)[0m  [1m[34mSELECT "shortened_urls".* FROM "shortened_urls"[0m
  [1m[35m (0.6ms)[0m  [1m[35mBEGIN[0m
  [1m[36mUser Exists (3.1ms)[0m  [1m[34mSELECT  1 AS one FROM "users" WHERE "users"."email" = $1 LIMIT $2[0m  [["email", "jefferson@cats.com"], ["LIMIT", 1]]
  [1m[35m (0.3ms)[0m  [1m[31mROLLBACK[0m
  [1m[35m (0.6ms)[0m  [1m[35mBEGIN[0m
  [1m[36mUser Exists (2.5ms)[0m  [1m[34mSELECT  1 AS one FROM "users" WHERE "users"."email" = $1 LIMIT $2[0m  [["email", "muenster@cats.com"], ["LIMIT", 1]]
  [1m[35m (0.3ms)[0m  [1m[31mROLLBACK[0m
  [1m[36mShortenedUrl Exists (0.9ms)[0m  [1m[34mSELECT  1 AS one FROM "shortened_urls" WHERE "shortened_urls"."short_url" = $1 LIMIT $2[0m  [["short_url", "cAuplFZeBuJklxGgO8fp6g"], ["LIMIT", 1]]
  [1m[35m (1.2ms)[0m  [1m[35mBEGIN[0m
  [1m[36mShortenedUrl Exists (0.7ms)[0m  [1m[34mSELECT  1 AS one FROM "shortened_urls" WHERE "shortened_urls"."short_url" = $1 LIMIT $2[0m  [["short_url", "cAuplFZeBuJklxGgO8fp6g"], ["LIMIT", 1]]
  [1m[36mShortenedUrl Load (0.7ms)[0m  [1m[34mSELECT "shortened_urls".* FROM "shortened_urls" WHERE (created_at < '2021-01-08 17:22:15.616738') AND "shortened_urls"."user_id" = $1[0m  [["user_id", 3]]
  [1m[36mUser Load (0.6ms)[0m  [1m[34mSELECT  "users".* FROM "users" WHERE "users"."id" = $1 LIMIT $2[0m  [["id", 3], ["LIMIT", 1]]
  [1m[36mUser Load (1.6ms)[0m  [1m[34mSELECT  "users".* FROM "users" WHERE "users"."id" = $1 LIMIT $2[0m  [["id", 3], ["LIMIT", 1]]
  [1m[36mShortenedUrl Create (4.0ms)[0m  [1m[32mINSERT INTO "shortened_urls" ("long_url", "short_url", "user_id", "created_at", "updated_at") VALUES ($1, $2, $3, $4, $5) RETURNING "id"[0m  [["long_url", "www.boxes.com"], ["short_url", "cAuplFZeBuJklxGgO8fp6g"], ["user_id", 3], ["created_at", "2021-01-08 17:23:15.627233"], ["updated_at", "2021-01-08 17:23:15.627233"]]
  [1m[35m (2.9ms)[0m  [1m[35mCOMMIT[0m
  [1m[36mShortenedUrl Exists (0.5ms)[0m  [1m[34mSELECT  1 AS one FROM "shortened_urls" WHERE "shortened_urls"."short_url" = $1 LIMIT $2[0m  [["short_url", "PqjfSvNIqE1_42te0IDd1A"], ["LIMIT", 1]]
  [1m[35m (1.9ms)[0m  [1m[35mBEGIN[0m
  [1m[36mShortenedUrl Exists (0.8ms)[0m  [1m[34mSELECT  1 AS one FROM "shortened_urls" WHERE "shortened_urls"."short_url" = $1 LIMIT $2[0m  [["short_url", "PqjfSvNIqE1_42te0IDd1A"], ["LIMIT", 1]]
  [1m[36mShortenedUrl Load (1.1ms)[0m  [1m[34mSELECT "shortened_urls".* FROM "shortened_urls" WHERE (created_at < '2021-01-08 17:22:15.652636') AND "shortened_urls"."user_id" = $1[0m  [["user_id", 4]]
  [1m[36mUser Load (0.2ms)[0m  [1m[34mSELECT  "users".* FROM "users" WHERE "users"."id" = $1 LIMIT $2[0m  [["id", 4], ["LIMIT", 1]]
  [1m[36mShortenedUrl Load (0.1ms)[0m  [1m[34mSELECT "shortened_urls".* FROM "shortened_urls" WHERE "shortened_urls"."user_id" = $1[0m  [["user_id", 4]]
  [1m[36mUser Load (0.1ms)[0m  [1m[34mSELECT  "users".* FROM "users" WHERE "users"."id" = $1 LIMIT $2[0m  [["id", 4], ["LIMIT", 1]]
  [1m[36mShortenedUrl Create (0.5ms)[0m  [1m[32mINSERT INTO "shortened_urls" ("long_url", "short_url", "user_id", "created_at", "updated_at") VALUES ($1, $2, $3, $4, $5) RETURNING "id"[0m  [["long_url", "www.meowmix.com"], ["short_url", "PqjfSvNIqE1_42te0IDd1A"], ["user_id", 4], ["created_at", "2021-01-08 17:23:15.657138"], ["updated_at", "2021-01-08 17:23:15.657138"]]
  [1m[35m (1.0ms)[0m  [1m[35mCOMMIT[0m
  [1m[36mShortenedUrl Exists (0.6ms)[0m  [1m[34mSELECT  1 AS one FROM "shortened_urls" WHERE "shortened_urls"."short_url" = $1 LIMIT $2[0m  [["short_url", "xsAUvib2OvkAalyIvjfSVg"], ["LIMIT", 1]]
  [1m[35m (0.1ms)[0m  [1m[35mBEGIN[0m
  [1m[36mShortenedUrl Exists (0.3ms)[0m  [1m[34mSELECT  1 AS one FROM "shortened_urls" WHERE "shortened_urls"."short_url" = $1 LIMIT $2[0m  [["short_url", "xsAUvib2OvkAalyIvjfSVg"], ["LIMIT", 1]]
  [1m[36mShortenedUrl Load (0.4ms)[0m  [1m[34mSELECT "shortened_urls".* FROM "shortened_urls" WHERE (created_at < '2021-01-08 17:22:15.670578') AND "shortened_urls"."user_id" = $1[0m  [["user_id", 4]]
  [1m[36mUser Load (0.2ms)[0m  [1m[34mSELECT  "users".* FROM "users" WHERE "users"."id" = $1 LIMIT $2[0m  [["id", 4], ["LIMIT", 1]]
  [1m[36mShortenedUrl Load (0.1ms)[0m  [1m[34mSELECT "shortened_urls".* FROM "shortened_urls" WHERE "shortened_urls"."user_id" = $1[0m  [["user_id", 4]]
  [1m[36mUser Load (0.2ms)[0m  [1m[34mSELECT  "users".* FROM "users" WHERE "users"."id" = $1 LIMIT $2[0m  [["id", 4], ["LIMIT", 1]]
  [1m[36mShortenedUrl Create (0.5ms)[0m  [1m[32mINSERT INTO "shortened_urls" ("long_url", "short_url", "user_id", "created_at", "updated_at") VALUES ($1, $2, $3, $4, $5) RETURNING "id"[0m  [["long_url", "www.smallrodents.com"], ["short_url", "xsAUvib2OvkAalyIvjfSVg"], ["user_id", 4], ["created_at", "2021-01-08 17:23:15.673903"], ["updated_at", "2021-01-08 17:23:15.673903"]]
  [1m[35m (1.1ms)[0m  [1m[35mCOMMIT[0m
  [1m[35m (0.4ms)[0m  [1m[35mBEGIN[0m
  [1m[36mShortenedUrl Load (1.0ms)[0m  [1m[34mSELECT  "shortened_urls".* FROM "shortened_urls" WHERE "shortened_urls"."id" = $1 LIMIT $2[0m  [["id", 12], ["LIMIT", 1]]
  [1m[35m (0.2ms)[0m  [1m[31mROLLBACK[0m
  [1m[35m (6.3ms)[0m  [1m[35mBEGIN[0m
  [1m[36mShortenedUrl Load (14.0ms)[0m  [1m[34mSELECT  "shortened_urls".* FROM "shortened_urls" WHERE "shortened_urls"."id" = $1 LIMIT $2[0m  [["id", 13], ["LIMIT", 1]]
  [1m[35m (2.8ms)[0m  [1m[31mROLLBACK[0m
  [1m[35m (0.7ms)[0m  [1m[35mBEGIN[0m
  [1m[36mShortenedUrl Load (10.9ms)[0m  [1m[34mSELECT  "shortened_urls".* FROM "shortened_urls" WHERE "shortened_urls"."id" = $1 LIMIT $2[0m  [["id", 12], ["LIMIT", 1]]
  [1m[35m (2.4ms)[0m  [1m[31mROLLBACK[0m
  [1m[35m (0.2ms)[0m  [1m[35mBEGIN[0m
  [1m[36mShortenedUrl Load (0.3ms)[0m  [1m[34mSELECT  "shortened_urls".* FROM "shortened_urls" WHERE "shortened_urls"."id" = $1 LIMIT $2[0m  [["id", 13], ["LIMIT", 1]]
  [1m[35m (0.2ms)[0m  [1m[31mROLLBACK[0m
  [1m[35m (0.2ms)[0m  [1m[35mBEGIN[0m
  [1m[36mShortenedUrl Load (0.3ms)[0m  [1m[34mSELECT  "shortened_urls".* FROM "shortened_urls" WHERE "shortened_urls"."id" = $1 LIMIT $2[0m  [["id", 12], ["LIMIT", 1]]
  [1m[35m (0.4ms)[0m  [1m[31mROLLBACK[0m
  [1m[35m (0.1ms)[0m  [1m[35mBEGIN[0m
  [1m[36mShortenedUrl Load (0.3ms)[0m  [1m[34mSELECT  "shortened_urls".* FROM "shortened_urls" WHERE "shortened_urls"."id" = $1 LIMIT $2[0m  [["id", 12], ["LIMIT", 1]]
  [1m[36mUser Load (0.2ms)[0m  [1m[34mSELECT  "users".* FROM "users" WHERE "users"."id" = $1 LIMIT $2[0m  [["id", 3], ["LIMIT", 1]]
  [1m[36mVisit Create (0.5ms)[0m  [1m[32mINSERT INTO "visits" ("short_url_id", "user_id", "created_at", "updated_at") VALUES ($1, $2, $3, $4) RETURNING "id"[0m  [["short_url_id", 12], ["user_id", 3], ["created_at", "2021-01-08 17:27:06.147188"], ["updated_at", "2021-01-08 17:27:06.147188"]]
  [1m[35m (1.6ms)[0m  [1m[35mCOMMIT[0m
  [1m[35m (0.2ms)[0m  [1m[35mBEGIN[0m
  [1m[36mShortenedUrl Load (1.0ms)[0m  [1m[34mSELECT  "shortened_urls".* FROM "shortened_urls" WHERE "shortened_urls"."id" = $1 LIMIT $2[0m  [["id", 13], ["LIMIT", 1]]
  [1m[36mUser Load (2.7ms)[0m  [1m[34mSELECT  "users".* FROM "users" WHERE "users"."id" = $1 LIMIT $2[0m  [["id", 3], ["LIMIT", 1]]
  [1m[36mVisit Create (0.4ms)[0m  [1m[32mINSERT INTO "visits" ("short_url_id", "user_id", "created_at", "updated_at") VALUES ($1, $2, $3, $4) RETURNING "id"[0m  [["short_url_id", 13], ["user_id", 3], ["created_at", "2021-01-08 17:27:16.269215"], ["updated_at", "2021-01-08 17:27:16.269215"]]
  [1m[35m (1.8ms)[0m  [1m[35mCOMMIT[0m
  [1m[36mShortenedUrl Load (0.7ms)[0m  [1m[34mSELECT "shortened_urls".* FROM "shortened_urls"[0m
  [1m[36mShortenedUrl Load (3.7ms)[0m  [1m[34mSELECT "shortened_urls".* FROM "shortened_urls" INNER JOIN "users" ON "users"."id" = "shortened_urls"."user_id" LEFT JOIN visits ON visits.shortened_url_id = shortened_urls.id WHERE ((shortened_urls.id IN (
            SELECT shortened_urls.id
            FROM shortened_urls
            JOIN visits
            ON visits.shortened_url_id = shortened_urls.id
            GROUP BY shortened_urls.id
            HAVING MAX(visits.created_at) < '2021-01-08 17:20:16 UTC'
            ) OR (
            visits.id IS NULL and shortened_urls.created_at < '2021-01-08 17:20:16 UTC'
            )) AND users.premium = 'f')[0m
  [1m[36mShortenedUrl Load (2.8ms)[0m  [1m[34mSELECT "shortened_urls".* FROM "shortened_urls" INNER JOIN "users" ON "users"."id" = "shortened_urls"."user_id" LEFT JOIN visits ON visits.shortened_url_id = shortened_urls.id WHERE ((shortened_urls.id IN (
            SELECT shortened_urls.id
            FROM shortened_urls
            JOIN visits
            ON visits.shortened_url_id = shortened_urls.id
            GROUP BY shortened_urls.id
            HAVING MAX(visits.created_at) < '2021-01-08 17:21:24 UTC'
            ) OR (
            visits.id IS NULL and shortened_urls.created_at < '2021-01-08 17:21:24 UTC'
            )) AND users.premium = 'f')[0m
  [1m[35m (0.2ms)[0m  [1m[34mSELECT pg_try_advisory_lock(4762635147840476445)[0m
  ↳ bin/rails:9
  [1m[35m (0.9ms)[0m  [1m[34mSELECT "schema_migrations"."version" FROM "schema_migrations" ORDER BY "schema_migrations"."version" ASC[0m
  ↳ bin/rails:9
Migrating to RenameShortenedUrlColumn (20210108173253)
  [1m[35m (0.1ms)[0m  [1m[35mBEGIN[0m
  ↳ bin/rails:9
  [1m[35m (0.7ms)[0m  [1m[35mALTER TABLE "visits" RENAME COLUMN "short_url_id" TO "shortened_url_id"[0m
  ↳ db/migrate/20210108173253_rename_shortened_url_column.rb:3
  [1m[35m (0.4ms)[0m  [1m[35mALTER INDEX "index_visits_on_short_url_id" RENAME TO "index_visits_on_shortened_url_id"[0m
  ↳ db/migrate/20210108173253_rename_shortened_url_column.rb:3
  [1m[36mActiveRecord::SchemaMigration Create (0.4ms)[0m  [1m[32mINSERT INTO "schema_migrations" ("version") VALUES ($1) RETURNING "version"[0m  [["version", "20210108173253"]]
  ↳ bin/rails:9
  [1m[35m (0.5ms)[0m  [1m[35mCOMMIT[0m
  ↳ bin/rails:9
  [1m[36mActiveRecord::InternalMetadata Load (0.4ms)[0m  [1m[34mSELECT  "ar_internal_metadata".* FROM "ar_internal_metadata" WHERE "ar_internal_metadata"."key" = $1 LIMIT $2[0m  [["key", "environment"], ["LIMIT", 1]]
  ↳ bin/rails:9
  [1m[35m (0.1ms)[0m  [1m[35mBEGIN[0m
  ↳ bin/rails:9
  [1m[35m (0.1ms)[0m  [1m[35mCOMMIT[0m
  ↳ bin/rails:9
  [1m[35m (0.2ms)[0m  [1m[34mSELECT pg_advisory_unlock(4762635147840476445)[0m
  ↳ bin/rails:9
  [1m[35m (0.2ms)[0m  [1m[34mSELECT "schema_migrations"."version" FROM "schema_migrations" ORDER BY "schema_migrations"."version" ASC[0m
  ↳ bin/rails:9
  [1m[36mShortenedUrl Load (9.6ms)[0m  [1m[34mSELECT "shortened_urls".* FROM "shortened_urls" INNER JOIN "users" ON "users"."id" = "shortened_urls"."user_id" LEFT JOIN visits ON visits.shortened_url_id = shortened_urls.id WHERE ((shortened_urls.id IN (
            SELECT shortened_urls.id
            FROM shortened_urls
            JOIN visits
            ON visits.shortened_url_id = shortened_urls.id
            GROUP BY shortened_urls.id
            HAVING MAX(visits.created_at) < '2021-01-08 17:24:05 UTC'
            ) OR (
            visits.id IS NULL and shortened_urls.created_at < '2021-01-08 17:24:05 UTC'
            )) AND users.premium = 'f')[0m
  [1m[35m (0.3ms)[0m  [1m[35mBEGIN[0m
  [1m[36mShortenedUrl Destroy (4.7ms)[0m  [1m[31mDELETE FROM "shortened_urls" WHERE "shortened_urls"."id" = $1[0m  [["id", 7]]
  [1m[35m (3.9ms)[0m  [1m[35mCOMMIT[0m
  [1m[35m (1.7ms)[0m  [1m[35mBEGIN[0m
  [1m[36mShortenedUrl Destroy (0.8ms)[0m  [1m[31mDELETE FROM "shortened_urls" WHERE "shortened_urls"."id" = $1[0m  [["id", 8]]
  [1m[35m (2.1ms)[0m  [1m[35mCOMMIT[0m
  [1m[35m (1.4ms)[0m  [1m[35mBEGIN[0m
  [1m[36mShortenedUrl Destroy (2.2ms)[0m  [1m[31mDELETE FROM "shortened_urls" WHERE "shortened_urls"."id" = $1[0m  [["id", 9]]
  [1m[35m (4.0ms)[0m  [1m[35mCOMMIT[0m
  [1m[35m (4.9ms)[0m  [1m[35mBEGIN[0m
  [1m[36mShortenedUrl Destroy (2.7ms)[0m  [1m[31mDELETE FROM "shortened_urls" WHERE "shortened_urls"."id" = $1[0m  [["id", 10]]
  [1m[35m (0.6ms)[0m  [1m[35mCOMMIT[0m
  [1m[35m (0.4ms)[0m  [1m[35mBEGIN[0m
  [1m[36mShortenedUrl Destroy (0.9ms)[0m  [1m[31mDELETE FROM "shortened_urls" WHERE "shortened_urls"."id" = $1[0m  [["id", 11]]
  [1m[35m (4.8ms)[0m  [1m[35mCOMMIT[0m
  [1m[35m (0.2ms)[0m  [1m[35mBEGIN[0m
  [1m[36mShortenedUrl Destroy (0.8ms)[0m  [1m[31mDELETE FROM "shortened_urls" WHERE "shortened_urls"."id" = $1[0m  [["id", 14]]
  [1m[35m (1.1ms)[0m  [1m[35mCOMMIT[0m
  [1m[36mShortenedUrl Load (0.6ms)[0m  [1m[34mSELECT "shortened_urls".* FROM "shortened_urls"[0m
  [1m[36mShortenedUrl Load (3.8ms)[0m  [1m[34mSELECT "shortened_urls".* FROM "shortened_urls" INNER JOIN "users" ON "users"."id" = "shortened_urls"."user_id" LEFT JOIN visits ON visits.shortened_url_id = shortened_urls.id WHERE ((shortened_urls.id IN (
            SELECT shortened_urls.id
            FROM shortened_urls
            JOIN visits
            ON visits.shortened_url_id = shortened_urls.id
            GROUP BY shortened_urls.id
            HAVING MAX(visits.created_at) < '2021-01-08 17:33:44 UTC'
            ) OR (
            visits.id IS NULL and shortened_urls.created_at < '2021-01-08 17:33:44 UTC'
            )) AND users.premium = 'f')[0m
  [1m[35m (1.0ms)[0m  [1m[35mBEGIN[0m
  [1m[36mShortenedUrl Destroy (2.3ms)[0m  [1m[31mDELETE FROM "shortened_urls" WHERE "shortened_urls"."id" = $1[0m  [["id", 13]]
  [1m[35m (2.0ms)[0m  [1m[35mCOMMIT[0m
  [1m[36mShortenedUrl Load (0.4ms)[0m  [1m[34mSELECT "shortened_urls".* FROM "shortened_urls"[0m
  [1m[36mShortenedUrl Load (0.8ms)[0m  [1m[34mSELECT "shortened_urls".* FROM "shortened_urls"[0m
  [1m[36mShortenedUrl Load (3.8ms)[0m  [1m[34mSELECT "shortened_urls".* FROM "shortened_urls"[0m
